#
# There is insufficient memory for the Java Runtime Environment to continue.
# Native memory allocation (malloc) failed to allocate 1536016 bytes. Error detail: Chunk::new
# Possible reasons:
#   The system is out of physical RAM or swap space
#   This process is running with CompressedOops enabled, and the Java Heap may be blocking the growth of the native heap
# Possible solutions:
#   Reduce memory load on the system
#   Increase physical memory or swap space
#   Check if swap backing store is full
#   Decrease Java heap size (-Xmx/-Xms)
#   Decrease number of Java threads
#   Decrease Java thread stack sizes (-Xss)
#   Set larger code cache with -XX:ReservedCodeCacheSize=
#   JVM is running with Zero Based Compressed Oops mode in which the Java heap is
#     placed in the first 32GB address space. The Java Heap base address is the
#     maximum limit for the native heap growth. Please use -XX:HeapBaseMinAddress
#     to set the Java Heap base and to place the Java Heap above 32GB virtual address.
# This output file may be truncated or incomplete.
#
#  Out of Memory Error (arena.cpp:168), pid=10164, tid=7612
#
# JRE version: OpenJDK Runtime Environment (21.0.5) (build 21.0.5+-13047016-b750.29)
# Java VM: OpenJDK 64-Bit Server VM (21.0.5+-13047016-b750.29, mixed mode, tiered, compressed oops, compressed class ptrs, g1 gc, windows-amd64)
# No core dump will be written. Minidumps are not enabled by default on client versions of Windows
#

---------------  S U M M A R Y ------------

Command Line: org.jetbrains.kotlin.cli.jvm.K2JVMCompiler @C:\Users\Kajal's PC\AndroidStudioProjects\BaatCheet\app\build\20250604_3781738844521414110.compiler.options

Host: Intel(R) Pentium(R) Gold G5400 CPU @ 3.70GHz, 4 cores, 11G,  Windows 11 , 64 bit Build 22621 (10.0.22621.3958)
Time: Wed Jun  4 13:38:33 2025 India Standard Time elapsed time: 12.859298 seconds (0d 0h 0m 12s)

---------------  T H R E A D  ---------------

Current thread (0x0000027a7d02a220):  JavaThread "C2 CompilerThread0" daemon [_thread_in_native, id=7612, stack(0x000000a36a500000,0x000000a36a600000) (1024K)]


Current CompileTask:
C2:12859 11845       4       org.jetbrains.kotlin.types.AbstractTypeMapper::mapType (561 bytes)

Stack: [0x000000a36a500000,0x000000a36a600000]
Native frames: (J=compiled Java code, j=interpreted, Vv=VM code, C=native code)
V  [jvm.dll+0x6cfb29]
V  [jvm.dll+0x85df93]
V  [jvm.dll+0x8604ee]
V  [jvm.dll+0x860bd3]
V  [jvm.dll+0x27e6b6]
V  [jvm.dll+0xbff6d]
V  [jvm.dll+0xc04a3]
V  [jvm.dll+0x3b5fc1]
V  [jvm.dll+0x381f97]
V  [jvm.dll+0x38140a]
V  [jvm.dll+0x247c62]
V  [jvm.dll+0x247231]
V  [jvm.dll+0x1c5ee4]
V  [jvm.dll+0x25697c]
V  [jvm.dll+0x254ec6]
V  [jvm.dll+0x3f0ce6]
V  [jvm.dll+0x806368]
V  [jvm.dll+0x6ce3fd]
C  [ucrtbase.dll+0x29333]
C  [KERNEL32.DLL+0x1257d]
C  [ntdll.dll+0x5af08]


---------------  P R O C E S S  ---------------

Threads class SMR info:
_java_thread_list=0x0000027a7d215c30, length=12, elements={
0x0000027a6d710670, 0x0000027a7d046490, 0x0000027a78a2c3d0, 0x0000027a78a2d460,
0x0000027a78a2e170, 0x0000027a7d028210, 0x0000027a7d027a90, 0x0000027a7d02a220,
0x0000027a7d032cc0, 0x0000027a7d1faf40, 0x0000027a7d1f9480, 0x0000027a7d1fe9e0
}

Java Threads: ( => current thread )
  0x0000027a6d710670 JavaThread "main"                              [_thread_in_Java, id=12964, stack(0x000000a369700000,0x000000a369800000) (1024K)]
  0x0000027a7d046490 JavaThread "Reference Handler"          daemon [_thread_blocked, id=2264, stack(0x000000a369f00000,0x000000a36a000000) (1024K)]
  0x0000027a78a2c3d0 JavaThread "Finalizer"                  daemon [_thread_blocked, id=7196, stack(0x000000a36a000000,0x000000a36a100000) (1024K)]
  0x0000027a78a2d460 JavaThread "Signal Dispatcher"          daemon [_thread_blocked, id=2784, stack(0x000000a36a100000,0x000000a36a200000) (1024K)]
  0x0000027a78a2e170 JavaThread "Attach Listener"            daemon [_thread_blocked, id=2192, stack(0x000000a36a200000,0x000000a36a300000) (1024K)]
  0x0000027a7d028210 JavaThread "Service Thread"             daemon [_thread_blocked, id=2236, stack(0x000000a36a300000,0x000000a36a400000) (1024K)]
  0x0000027a7d027a90 JavaThread "Monitor Deflation Thread"   daemon [_thread_blocked, id=11348, stack(0x000000a36a400000,0x000000a36a500000) (1024K)]
=>0x0000027a7d02a220 JavaThread "C2 CompilerThread0"         daemon [_thread_in_native, id=7612, stack(0x000000a36a500000,0x000000a36a600000) (1024K)]
  0x0000027a7d032cc0 JavaThread "C1 CompilerThread0"         daemon [_thread_in_native, id=11872, stack(0x000000a36a600000,0x000000a36a700000) (1024K)]
  0x0000027a7d1faf40 JavaThread "Notification Thread"        daemon [_thread_blocked, id=11268, stack(0x000000a36a700000,0x000000a36a800000) (1024K)]
  0x0000027a7d1f9480 JavaThread "Common-Cleaner"             daemon [_thread_blocked, id=13064, stack(0x000000a36a800000,0x000000a36a900000) (1024K)]
  0x0000027a7d1fe9e0 JavaThread "C2 CompilerThread1"         daemon [_thread_blocked, id=12904, stack(0x000000a36a900000,0x000000a36aa00000) (1024K)]
Total: 12

Other Threads:
  0x0000027a789d12b0 VMThread "VM Thread"                           [id=10836, stack(0x000000a369e00000,0x000000a369f00000) (1024K)]
  0x0000027a7896d130 WatcherThread "VM Periodic Task Thread"        [id=12344, stack(0x000000a369d00000,0x000000a369e00000) (1024K)]
  0x0000027a6f86c600 WorkerThread "GC Thread#0"                     [id=11188, stack(0x000000a369800000,0x000000a369900000) (1024K)]
  0x0000027a7d6ce1b0 WorkerThread "GC Thread#1"                     [id=13276, stack(0x000000a36aa00000,0x000000a36ab00000) (1024K)]
  0x0000027a7d6ce550 WorkerThread "GC Thread#2"                     [id=13252, stack(0x000000a36ab00000,0x000000a36ac00000) (1024K)]
  0x0000027a7d6dc780 WorkerThread "GC Thread#3"                     [id=2532, stack(0x000000a36ac00000,0x000000a36ad00000) (1024K)]
  0x0000027a6f879300 ConcurrentGCThread "G1 Main Marker"            [id=7488, stack(0x000000a369900000,0x000000a369a00000) (1024K)]
  0x0000027a6f87a690 WorkerThread "G1 Conc#0"                       [id=13240, stack(0x000000a369a00000,0x000000a369b00000) (1024K)]
  0x0000027a78841840 ConcurrentGCThread "G1 Refine#0"               [id=10736, stack(0x000000a369b00000,0x000000a369c00000) (1024K)]
  0x0000027a6f8daf00 ConcurrentGCThread "G1 Service"                [id=1084, stack(0x000000a369c00000,0x000000a369d00000) (1024K)]
Total: 10

Threads with active compile tasks:
C2 CompilerThread0  12884 11845       4       org.jetbrains.kotlin.types.AbstractTypeMapper::mapType (561 bytes)
Total: 1

VM state: not at safepoint (normal execution)

VM Mutex/Monitor currently owned by a thread: None

Heap address: 0x0000000741e00000, size: 3042 MB, Compressed Oops mode: Zero based, Oop shift amount: 3

CDS archive(s) not mapped
Compressed class space mapped at: 0x0000000800000000-0x0000000840000000, reserved size: 1073741824
Narrow klass base: 0x0000000800000000, Narrow klass shift: 0, Narrow klass range: 0x40000000

GC Precious Log:
 CardTable entry size: 512
 Card Set container configuration: InlinePtr #cards 4 size 8 Array Of Cards #cards 16 size 48 Howl #buckets 8 coarsen threshold 3686 Howl Bitmap #cards 512 size 80 coarsen threshold 460 Card regions per heap region 1 cards per card region 4096
 CPUs: 4 total, 4 available
 Memory: 12161M
 Large Page Support: Disabled
 NUMA Support: Disabled
 Compressed Oops: Enabled (Zero based)
 Heap Region Size: 2M
 Heap Min Capacity: 8M
 Heap Initial Capacity: 192M
 Heap Max Capacity: 3042M
 Pre-touch: Disabled
 Parallel Workers: 4
 Concurrent Workers: 1
 Concurrent Refinement Workers: 4
 Periodic GC: Disabled

Heap:
 garbage-first heap   total 198656K, used 122392K [0x0000000741e00000, 0x0000000800000000)
  region size 2048K, 10 young (20480K), 3 survivors (6144K)
 Metaspace       used 88910K, committed 89280K, reserved 1179648K
  class space    used 9378K, committed 9536K, reserved 1048576K

Heap Regions: E=young(eden), S=young(survivor), O=old, HS=humongous(starts), HC=humongous(continues), CS=collection set, F=free, TAMS=top-at-mark-start, PB=parsable bottom
|   0|0x0000000741e00000, 0x0000000742000000, 0x0000000742000000|100%|HS|  |TAMS 0x0000000741e00000| PB 0x0000000741e00000| Complete 
|   1|0x0000000742000000, 0x0000000742200000, 0x0000000742200000|100%|HC|  |TAMS 0x0000000742000000| PB 0x0000000742000000| Complete 
|   2|0x0000000742200000, 0x0000000742400000, 0x0000000742400000|100%| O|  |TAMS 0x0000000742200000| PB 0x0000000742200000| Untracked 
|   3|0x0000000742400000, 0x0000000742600000, 0x0000000742600000|100%| O|  |TAMS 0x0000000742400000| PB 0x0000000742400000| Untracked 
|   4|0x0000000742600000, 0x0000000742800000, 0x0000000742800000|100%| O|  |TAMS 0x0000000742600000| PB 0x0000000742600000| Untracked 
|   5|0x0000000742800000, 0x0000000742a00000, 0x0000000742a00000|100%| O|  |TAMS 0x0000000742800000| PB 0x0000000742800000| Untracked 
|   6|0x0000000742a00000, 0x0000000742c00000, 0x0000000742c00000|100%| O|  |TAMS 0x0000000742a00000| PB 0x0000000742a00000| Untracked 
|   7|0x0000000742c00000, 0x0000000742e00000, 0x0000000742e00000|100%| O|  |TAMS 0x0000000742c00000| PB 0x0000000742c00000| Untracked 
|   8|0x0000000742e00000, 0x0000000743000000, 0x0000000743000000|100%| O|  |TAMS 0x0000000742e00000| PB 0x0000000742e00000| Untracked 
|   9|0x0000000743000000, 0x0000000743200000, 0x0000000743200000|100%| O|  |TAMS 0x0000000743000000| PB 0x0000000743000000| Untracked 
|  10|0x0000000743200000, 0x0000000743400000, 0x0000000743400000|100%| O|  |TAMS 0x0000000743200000| PB 0x0000000743200000| Untracked 
|  11|0x0000000743400000, 0x0000000743600000, 0x0000000743600000|100%| O|  |TAMS 0x0000000743400000| PB 0x0000000743400000| Untracked 
|  12|0x0000000743600000, 0x0000000743800000, 0x0000000743800000|100%| O|  |TAMS 0x0000000743600000| PB 0x0000000743600000| Untracked 
|  13|0x0000000743800000, 0x0000000743a00000, 0x0000000743a00000|100%| O|  |TAMS 0x0000000743800000| PB 0x0000000743800000| Untracked 
|  14|0x0000000743a00000, 0x0000000743c00000, 0x0000000743c00000|100%| O|  |TAMS 0x0000000743a00000| PB 0x0000000743a00000| Untracked 
|  15|0x0000000743c00000, 0x0000000743e00000, 0x0000000743e00000|100%| O|  |TAMS 0x0000000743c00000| PB 0x0000000743c00000| Untracked 
|  16|0x0000000743e00000, 0x0000000744000000, 0x0000000744000000|100%| O|  |TAMS 0x0000000743e00000| PB 0x0000000743e00000| Untracked 
|  17|0x0000000744000000, 0x0000000744200000, 0x0000000744200000|100%| O|  |TAMS 0x0000000744000000| PB 0x0000000744000000| Untracked 
|  18|0x0000000744200000, 0x0000000744400000, 0x0000000744400000|100%| O|  |TAMS 0x0000000744200000| PB 0x0000000744200000| Untracked 
|  19|0x0000000744400000, 0x0000000744600000, 0x0000000744600000|100%| O|  |TAMS 0x0000000744400000| PB 0x0000000744400000| Untracked 
|  20|0x0000000744600000, 0x0000000744800000, 0x0000000744800000|100%| O|  |TAMS 0x0000000744600000| PB 0x0000000744600000| Untracked 
|  21|0x0000000744800000, 0x0000000744a00000, 0x0000000744a00000|100%| O|  |TAMS 0x0000000744800000| PB 0x0000000744800000| Untracked 
|  22|0x0000000744a00000, 0x0000000744c00000, 0x0000000744c00000|100%| O|  |TAMS 0x0000000744a00000| PB 0x0000000744a00000| Untracked 
|  23|0x0000000744c00000, 0x0000000744e00000, 0x0000000744e00000|100%| O|  |TAMS 0x0000000744c00000| PB 0x0000000744c00000| Untracked 
|  24|0x0000000744e00000, 0x0000000745000000, 0x0000000745000000|100%| O|  |TAMS 0x0000000744e00000| PB 0x0000000744e00000| Untracked 
|  25|0x0000000745000000, 0x0000000745200000, 0x0000000745200000|100%| O|  |TAMS 0x0000000745000000| PB 0x0000000745000000| Untracked 
|  26|0x0000000745200000, 0x0000000745400000, 0x0000000745400000|100%| O|  |TAMS 0x0000000745200000| PB 0x0000000745200000| Untracked 
|  27|0x0000000745400000, 0x0000000745600000, 0x0000000745600000|100%| O|  |TAMS 0x0000000745400000| PB 0x0000000745400000| Untracked 
|  28|0x0000000745600000, 0x0000000745800000, 0x0000000745800000|100%| O|  |TAMS 0x0000000745600000| PB 0x0000000745600000| Untracked 
|  29|0x0000000745800000, 0x0000000745a00000, 0x0000000745a00000|100%| O|  |TAMS 0x0000000745800000| PB 0x0000000745800000| Untracked 
|  30|0x0000000745a00000, 0x0000000745c00000, 0x0000000745c00000|100%| O|  |TAMS 0x0000000745a00000| PB 0x0000000745a00000| Untracked 
|  31|0x0000000745c00000, 0x0000000745e00000, 0x0000000745e00000|100%| O|  |TAMS 0x0000000745c00000| PB 0x0000000745c00000| Untracked 
|  32|0x0000000745e00000, 0x0000000746000000, 0x0000000746000000|100%| O|  |TAMS 0x0000000745e00000| PB 0x0000000745e00000| Untracked 
|  33|0x0000000746000000, 0x0000000746200000, 0x0000000746200000|100%| O|  |TAMS 0x0000000746000000| PB 0x0000000746000000| Untracked 
|  34|0x0000000746200000, 0x0000000746400000, 0x0000000746400000|100%| O|  |TAMS 0x0000000746200000| PB 0x0000000746200000| Untracked 
|  35|0x0000000746400000, 0x0000000746600000, 0x0000000746600000|100%| O|  |TAMS 0x0000000746400000| PB 0x0000000746400000| Untracked 
|  36|0x0000000746600000, 0x0000000746800000, 0x0000000746800000|100%| O|  |TAMS 0x0000000746600000| PB 0x0000000746600000| Untracked 
|  37|0x0000000746800000, 0x0000000746a00000, 0x0000000746a00000|100%| O|  |TAMS 0x0000000746800000| PB 0x0000000746800000| Untracked 
|  38|0x0000000746a00000, 0x0000000746c00000, 0x0000000746c00000|100%| O|  |TAMS 0x0000000746a00000| PB 0x0000000746a00000| Untracked 
|  39|0x0000000746c00000, 0x0000000746e00000, 0x0000000746e00000|100%| O|  |TAMS 0x0000000746c00000| PB 0x0000000746c00000| Untracked 
|  40|0x0000000746e00000, 0x0000000747000000, 0x0000000747000000|100%| O|  |TAMS 0x0000000746e00000| PB 0x0000000746e00000| Untracked 
|  41|0x0000000747000000, 0x0000000747200000, 0x0000000747200000|100%| O|  |TAMS 0x0000000747000000| PB 0x0000000747000000| Untracked 
|  42|0x0000000747200000, 0x0000000747400000, 0x0000000747400000|100%| O|  |TAMS 0x0000000747200000| PB 0x0000000747200000| Untracked 
|  43|0x0000000747400000, 0x0000000747600000, 0x0000000747600000|100%| O|  |TAMS 0x0000000747400000| PB 0x0000000747400000| Untracked 
|  44|0x0000000747600000, 0x0000000747800000, 0x0000000747800000|100%| O|  |TAMS 0x0000000747600000| PB 0x0000000747600000| Untracked 
|  45|0x0000000747800000, 0x0000000747a00000, 0x0000000747a00000|100%| O|  |TAMS 0x0000000747800000| PB 0x0000000747800000| Untracked 
|  46|0x0000000747a00000, 0x0000000747c00000, 0x0000000747c00000|100%| O|  |TAMS 0x0000000747a00000| PB 0x0000000747a00000| Untracked 
|  47|0x0000000747c00000, 0x0000000747e00000, 0x0000000747e00000|100%| O|  |TAMS 0x0000000747c00000| PB 0x0000000747c00000| Untracked 
|  48|0x0000000747e00000, 0x0000000748000000, 0x0000000748000000|100%| O|  |TAMS 0x0000000747e00000| PB 0x0000000747e00000| Untracked 
|  49|0x0000000748000000, 0x0000000748200000, 0x0000000748200000|100%| O|  |TAMS 0x0000000748000000| PB 0x0000000748000000| Untracked 
|  50|0x0000000748200000, 0x00000007483e4d30, 0x0000000748400000| 94%| O|  |TAMS 0x0000000748200000| PB 0x0000000748200000| Untracked 
|  51|0x0000000748400000, 0x0000000748400000, 0x0000000748600000|  0%| F|  |TAMS 0x0000000748400000| PB 0x0000000748400000| Untracked 
|  52|0x0000000748600000, 0x0000000748600000, 0x0000000748800000|  0%| F|  |TAMS 0x0000000748600000| PB 0x0000000748600000| Untracked 
|  53|0x0000000748800000, 0x0000000748800000, 0x0000000748a00000|  0%| F|  |TAMS 0x0000000748800000| PB 0x0000000748800000| Untracked 
|  54|0x0000000748a00000, 0x0000000748a00000, 0x0000000748c00000|  0%| F|  |TAMS 0x0000000748a00000| PB 0x0000000748a00000| Untracked 
|  55|0x0000000748c00000, 0x0000000748c00000, 0x0000000748e00000|  0%| F|  |TAMS 0x0000000748c00000| PB 0x0000000748c00000| Untracked 
|  56|0x0000000748e00000, 0x0000000748e00000, 0x0000000749000000|  0%| F|  |TAMS 0x0000000748e00000| PB 0x0000000748e00000| Untracked 
|  57|0x0000000749000000, 0x0000000749000000, 0x0000000749200000|  0%| F|  |TAMS 0x0000000749000000| PB 0x0000000749000000| Untracked 
|  58|0x0000000749200000, 0x0000000749200000, 0x0000000749400000|  0%| F|  |TAMS 0x0000000749200000| PB 0x0000000749200000| Untracked 
|  59|0x0000000749400000, 0x0000000749400000, 0x0000000749600000|  0%| F|  |TAMS 0x0000000749400000| PB 0x0000000749400000| Untracked 
|  60|0x0000000749600000, 0x0000000749600000, 0x0000000749800000|  0%| F|  |TAMS 0x0000000749600000| PB 0x0000000749600000| Untracked 
|  61|0x0000000749800000, 0x0000000749800000, 0x0000000749a00000|  0%| F|  |TAMS 0x0000000749800000| PB 0x0000000749800000| Untracked 
|  62|0x0000000749a00000, 0x0000000749ba13f0, 0x0000000749c00000| 81%| S|CS|TAMS 0x0000000749a00000| PB 0x0000000749a00000| Complete 
|  63|0x0000000749c00000, 0x0000000749e00000, 0x0000000749e00000|100%| S|CS|TAMS 0x0000000749c00000| PB 0x0000000749c00000| Complete 
|  64|0x0000000749e00000, 0x000000074a000000, 0x000000074a000000|100%| S|CS|TAMS 0x0000000749e00000| PB 0x0000000749e00000| Complete 
|  65|0x000000074a000000, 0x000000074a000000, 0x000000074a200000|  0%| F|  |TAMS 0x000000074a000000| PB 0x000000074a000000| Untracked 
|  66|0x000000074a200000, 0x000000074a200000, 0x000000074a400000|  0%| F|  |TAMS 0x000000074a200000| PB 0x000000074a200000| Untracked 
|  67|0x000000074a400000, 0x000000074a400000, 0x000000074a600000|  0%| F|  |TAMS 0x000000074a400000| PB 0x000000074a400000| Untracked 
|  68|0x000000074a600000, 0x000000074a600000, 0x000000074a800000|  0%| F|  |TAMS 0x000000074a600000| PB 0x000000074a600000| Untracked 
|  69|0x000000074a800000, 0x000000074a800000, 0x000000074aa00000|  0%| F|  |TAMS 0x000000074a800000| PB 0x000000074a800000| Untracked 
|  70|0x000000074aa00000, 0x000000074aa00000, 0x000000074ac00000|  0%| F|  |TAMS 0x000000074aa00000| PB 0x000000074aa00000| Untracked 
|  71|0x000000074ac00000, 0x000000074ac00000, 0x000000074ae00000|  0%| F|  |TAMS 0x000000074ac00000| PB 0x000000074ac00000| Untracked 
|  72|0x000000074ae00000, 0x000000074ae00000, 0x000000074b000000|  0%| F|  |TAMS 0x000000074ae00000| PB 0x000000074ae00000| Untracked 
|  73|0x000000074b000000, 0x000000074b000000, 0x000000074b200000|  0%| F|  |TAMS 0x000000074b000000| PB 0x000000074b000000| Untracked 
|  74|0x000000074b200000, 0x000000074b200000, 0x000000074b400000|  0%| F|  |TAMS 0x000000074b200000| PB 0x000000074b200000| Untracked 
|  75|0x000000074b400000, 0x000000074b400000, 0x000000074b600000|  0%| F|  |TAMS 0x000000074b400000| PB 0x000000074b400000| Untracked 
|  76|0x000000074b600000, 0x000000074b600000, 0x000000074b800000|  0%| F|  |TAMS 0x000000074b600000| PB 0x000000074b600000| Untracked 
|  77|0x000000074b800000, 0x000000074b800000, 0x000000074ba00000|  0%| F|  |TAMS 0x000000074b800000| PB 0x000000074b800000| Untracked 
|  78|0x000000074ba00000, 0x000000074ba00000, 0x000000074bc00000|  0%| F|  |TAMS 0x000000074ba00000| PB 0x000000074ba00000| Untracked 
|  79|0x000000074bc00000, 0x000000074bc00000, 0x000000074be00000|  0%| F|  |TAMS 0x000000074bc00000| PB 0x000000074bc00000| Untracked 
|  80|0x000000074be00000, 0x000000074be00000, 0x000000074c000000|  0%| F|  |TAMS 0x000000074be00000| PB 0x000000074be00000| Untracked 
|  81|0x000000074c000000, 0x000000074c000000, 0x000000074c200000|  0%| F|  |TAMS 0x000000074c000000| PB 0x000000074c000000| Untracked 
|  82|0x000000074c200000, 0x000000074c200000, 0x000000074c400000|  0%| F|  |TAMS 0x000000074c200000| PB 0x000000074c200000| Untracked 
|  83|0x000000074c400000, 0x000000074c400000, 0x000000074c600000|  0%| F|  |TAMS 0x000000074c400000| PB 0x000000074c400000| Untracked 
|  84|0x000000074c600000, 0x000000074c600000, 0x000000074c800000|  0%| F|  |TAMS 0x000000074c600000| PB 0x000000074c600000| Untracked 
|  85|0x000000074c800000, 0x000000074c800000, 0x000000074ca00000|  0%| F|  |TAMS 0x000000074c800000| PB 0x000000074c800000| Untracked 
|  86|0x000000074ca00000, 0x000000074ca00000, 0x000000074cc00000|  0%| F|  |TAMS 0x000000074ca00000| PB 0x000000074ca00000| Untracked 
|  87|0x000000074cc00000, 0x000000074cc00000, 0x000000074ce00000|  0%| F|  |TAMS 0x000000074cc00000| PB 0x000000074cc00000| Untracked 
|  88|0x000000074ce00000, 0x000000074ce00000, 0x000000074d000000|  0%| F|  |TAMS 0x000000074ce00000| PB 0x000000074ce00000| Untracked 
|  89|0x000000074d000000, 0x000000074d000000, 0x000000074d200000|  0%| F|  |TAMS 0x000000074d000000| PB 0x000000074d000000| Untracked 
|  90|0x000000074d200000, 0x000000074d400000, 0x000000074d400000|100%| E|  |TAMS 0x000000074d200000| PB 0x000000074d200000| Complete 
|  91|0x000000074d400000, 0x000000074d600000, 0x000000074d600000|100%| E|CS|TAMS 0x000000074d400000| PB 0x000000074d400000| Complete 
|  92|0x000000074d600000, 0x000000074d800000, 0x000000074d800000|100%| E|CS|TAMS 0x000000074d600000| PB 0x000000074d600000| Complete 
|  93|0x000000074d800000, 0x000000074da00000, 0x000000074da00000|100%| E|CS|TAMS 0x000000074d800000| PB 0x000000074d800000| Complete 
|  94|0x000000074da00000, 0x000000074dc00000, 0x000000074dc00000|100%| E|CS|TAMS 0x000000074da00000| PB 0x000000074da00000| Complete 
|  95|0x000000074dc00000, 0x000000074de00000, 0x000000074de00000|100%| E|CS|TAMS 0x000000074dc00000| PB 0x000000074dc00000| Complete 
|  96|0x000000074de00000, 0x000000074e000000, 0x000000074e000000|100%| E|CS|TAMS 0x000000074de00000| PB 0x000000074de00000| Complete 

Card table byte_map: [0x0000027a72f70000,0x0000027a73570000] _byte_map_base: 0x0000027a6f561000

Marking Bits: (CMBitMap*) 0x0000027a6f86cc10
 Bits: [0x0000027a73570000, 0x0000027a764f8000)

Polling page: 0x0000027a6efe0000

Metaspace:

Usage:
  Non-class:     77.67 MB used.
      Class:      9.16 MB used.
       Both:     86.83 MB used.

Virtual space:
  Non-class space:      128.00 MB reserved,      77.88 MB ( 61%) committed,  2 nodes.
      Class space:        1.00 GB reserved,       9.31 MB ( <1%) committed,  1 nodes.
             Both:        1.12 GB reserved,      87.19 MB (  8%) committed. 

Chunk freelists:
   Non-Class:  1.31 MB
       Class:  6.70 MB
        Both:  8.01 MB

MaxMetaspaceSize: unlimited
CompressedClassSpaceSize: 1.00 GB
Initial GC threshold: 21.00 MB
Current GC threshold: 113.88 MB
CDS: off
 - commit_granule_bytes: 65536.
 - commit_granule_words: 8192.
 - virtual_space_node_default_size: 8388608.
 - enlarge_chunks_in_place: 1.
 - use_allocation_guard: 0.


Internal statistics:

num_allocs_failed_limit: 9.
num_arena_births: 448.
num_arena_deaths: 0.
num_vsnodes_births: 3.
num_vsnodes_deaths: 0.
num_space_committed: 1395.
num_space_uncommitted: 0.
num_chunks_returned_to_freelist: 9.
num_chunks_taken_from_freelist: 3318.
num_chunk_merges: 9.
num_chunk_splits: 2710.
num_chunks_enlarged: 2423.
num_inconsistent_stats: 0.

CodeHeap 'non-profiled nmethods': size=120000Kb used=6209Kb max_used=6209Kb free=113790Kb
 bounds [0x0000027a07ad0000, 0x0000027a080f0000, 0x0000027a0f000000]
CodeHeap 'profiled nmethods': size=120000Kb used=39901Kb max_used=39901Kb free=80098Kb
 bounds [0x0000027a00000000, 0x0000027a02700000, 0x0000027a07530000]
CodeHeap 'non-nmethods': size=5760Kb used=1835Kb max_used=1911Kb free=3924Kb
 bounds [0x0000027a07530000, 0x0000027a077a0000, 0x0000027a07ad0000]
 total_blobs=12219 nmethods=11393 adapters=727
 compilation: enabled
              stopped_count=0, restarted_count=0
 full_count=0

Compilation events (20 events):
Event: 12.839 Thread 0x0000027a7d032cc0 12040       3       org.jetbrains.kotlin.codegen.optimization.nullCheck.NullabilityInterpreter::naryOperation (10 bytes)
Event: 12.839 Thread 0x0000027a7d032cc0 nmethod 12040 0x0000027a026dca90 code [0x0000027a026dcc40, 0x0000027a026dcd78]
Event: 12.839 Thread 0x0000027a7d032cc0 12041       3       org.jetbrains.kotlin.codegen.optimization.nullCheck.NullabilityInterpreter::naryOperation (162 bytes)
Event: 12.843 Thread 0x0000027a7d032cc0 nmethod 12041 0x0000027a026dce10 code [0x0000027a026dd320, 0x0000027a026df880]
Event: 12.843 Thread 0x0000027a7d032cc0 12043       1       org.jetbrains.kotlin.codegen.optimization.temporaryVals.TemporaryVal::getLoadInsns (5 bytes)
Event: 12.843 Thread 0x0000027a7d032cc0 nmethod 12043 0x0000027a080daf10 code [0x0000027a080db0a0, 0x0000027a080db170]
Event: 12.843 Thread 0x0000027a7d032cc0 12044       3       org.jetbrains.org.objectweb.asm.tree.analysis.SourceValue::<init> (15 bytes)
Event: 12.843 Thread 0x0000027a7d032cc0 nmethod 12044 0x0000027a026e0410 code [0x0000027a026e05c0, 0x0000027a026e0790]
Event: 12.844 Thread 0x0000027a7d032cc0 12045       3       org.jetbrains.org.objectweb.asm.tree.JumpInsnNode::accept (21 bytes)
Event: 12.845 Thread 0x0000027a7d032cc0 nmethod 12045 0x0000027a026e0890 code [0x0000027a026e0a80, 0x0000027a026e0ef0]
Event: 12.846 Thread 0x0000027a7d032cc0 12046       3       org.jetbrains.org.objectweb.asm.Frame::putAbstractType (379 bytes)
Event: 12.847 Thread 0x0000027a7d1fe9e0 nmethod 12009 0x0000027a080db210 code [0x0000027a080db480, 0x0000027a080dbf30]
Event: 12.847 Thread 0x0000027a7d1fe9e0 12010       4       org.jetbrains.org.objectweb.asm.tree.analysis.SourceInterpreter::merge (152 bytes)
Event: 12.847 Thread 0x0000027a7d032cc0 nmethod 12046 0x0000027a026e1090 code [0x0000027a026e1500, 0x0000027a026e2ca0]
Event: 12.850 Thread 0x0000027a7d032cc0 12047       3       org.jetbrains.kotlin.backend.jvm.JvmLoweredDeclarationOrigin::getMULTI_FIELD_VALUE_CLASS_GENERATED_IMPL_METHOD (19 bytes)
Event: 12.850 Thread 0x0000027a7d032cc0 nmethod 12047 0x0000027a026e3710 code [0x0000027a026e3940, 0x0000027a026e3fc8]
Event: 12.852 Thread 0x0000027a7d032cc0 12048       3       org.jetbrains.kotlin.backend.jvm.mapping.IrTypeMappingKt::mapOwner (32 bytes)
Event: 12.853 Thread 0x0000027a7d032cc0 nmethod 12048 0x0000027a026e4290 code [0x0000027a026e46a0, 0x0000027a026e5ff0]
Event: 12.854 Thread 0x0000027a7d032cc0 12049       1       org.jetbrains.kotlin.ir.expressions.impl.IrGetFieldImpl::getSuperQualifierSymbol (5 bytes)
Event: 12.854 Thread 0x0000027a7d032cc0 nmethod 12049 0x0000027a080dc590 code [0x0000027a080dc720, 0x0000027a080dc7f0]

GC Heap History (20 events):
Event: 5.295 GC heap before
{Heap before GC invocations=16 (full 0):
 garbage-first heap   total 86016K, used 71125K [0x0000000741e00000, 0x0000000800000000)
  region size 2048K, 10 young (20480K), 2 survivors (4096K)
 Metaspace       used 57398K, committed 57664K, reserved 1114112K
  class space    used 6611K, committed 6720K, reserved 1048576K
}
Event: 5.305 GC heap after
{Heap after GC invocations=17 (full 0):
 garbage-first heap   total 86016K, used 57063K [0x0000000741e00000, 0x0000000800000000)
  region size 2048K, 2 young (4096K), 2 survivors (4096K)
 Metaspace       used 57398K, committed 57664K, reserved 1114112K
  class space    used 6611K, committed 6720K, reserved 1048576K
}
Event: 5.463 GC heap before
{Heap before GC invocations=17 (full 0):
 garbage-first heap   total 86016K, used 71399K [0x0000000741e00000, 0x0000000800000000)
  region size 2048K, 9 young (18432K), 2 survivors (4096K)
 Metaspace       used 57683K, committed 57984K, reserved 1114112K
  class space    used 6640K, committed 6784K, reserved 1048576K
}
Event: 5.476 GC heap after
{Heap after GC invocations=18 (full 0):
 garbage-first heap   total 86016K, used 61165K [0x0000000741e00000, 0x0000000800000000)
  region size 2048K, 2 young (4096K), 2 survivors (4096K)
 Metaspace       used 57683K, committed 57984K, reserved 1114112K
  class space    used 6640K, committed 6784K, reserved 1048576K
}
Event: 5.922 GC heap before
{Heap before GC invocations=19 (full 0):
 garbage-first heap   total 102400K, used 75501K [0x0000000741e00000, 0x0000000800000000)
  region size 2048K, 9 young (18432K), 2 survivors (4096K)
 Metaspace       used 58277K, committed 58560K, reserved 1114112K
  class space    used 6709K, committed 6848K, reserved 1048576K
}
Event: 5.935 GC heap after
{Heap after GC invocations=20 (full 0):
 garbage-first heap   total 102400K, used 64559K [0x0000000741e00000, 0x0000000800000000)
  region size 2048K, 2 young (4096K), 2 survivors (4096K)
 Metaspace       used 58277K, committed 58560K, reserved 1114112K
  class space    used 6709K, committed 6848K, reserved 1048576K
}
Event: 6.200 GC heap before
{Heap before GC invocations=20 (full 0):
 garbage-first heap   total 102400K, used 85039K [0x0000000741e00000, 0x0000000800000000)
  region size 2048K, 12 young (24576K), 2 survivors (4096K)
 Metaspace       used 58545K, committed 58880K, reserved 1114112K
  class space    used 6719K, committed 6848K, reserved 1048576K
}
Event: 6.213 GC heap after
{Heap after GC invocations=21 (full 0):
 garbage-first heap   total 143360K, used 67584K [0x0000000741e00000, 0x0000000800000000)
  region size 2048K, 2 young (4096K), 2 survivors (4096K)
 Metaspace       used 58545K, committed 58880K, reserved 1114112K
  class space    used 6719K, committed 6848K, reserved 1048576K
}
Event: 7.398 GC heap before
{Heap before GC invocations=21 (full 0):
 garbage-first heap   total 143360K, used 112640K [0x0000000741e00000, 0x0000000800000000)
  region size 2048K, 25 young (51200K), 2 survivors (4096K)
 Metaspace       used 62233K, committed 62528K, reserved 1114112K
  class space    used 7057K, committed 7168K, reserved 1048576K
}
Event: 7.413 GC heap after
{Heap after GC invocations=22 (full 0):
 garbage-first heap   total 143360K, used 76438K [0x0000000741e00000, 0x0000000800000000)
  region size 2048K, 4 young (8192K), 4 survivors (8192K)
 Metaspace       used 62233K, committed 62528K, reserved 1114112K
  class space    used 7057K, committed 7168K, reserved 1048576K
}
Event: 8.159 GC heap before
{Heap before GC invocations=22 (full 0):
 garbage-first heap   total 143360K, used 117398K [0x0000000741e00000, 0x0000000800000000)
  region size 2048K, 24 young (49152K), 4 survivors (8192K)
 Metaspace       used 64706K, committed 65024K, reserved 1114112K
  class space    used 7272K, committed 7424K, reserved 1048576K
}
Event: 8.182 GC heap after
{Heap after GC invocations=23 (full 0):
 garbage-first heap   total 143360K, used 86542K [0x0000000741e00000, 0x0000000800000000)
  region size 2048K, 3 young (6144K), 3 survivors (6144K)
 Metaspace       used 64706K, committed 65024K, reserved 1114112K
  class space    used 7272K, committed 7424K, reserved 1048576K
}
Event: 8.831 GC heap before
{Heap before GC invocations=23 (full 0):
 garbage-first heap   total 143360K, used 119310K [0x0000000741e00000, 0x0000000800000000)
  region size 2048K, 19 young (38912K), 3 survivors (6144K)
 Metaspace       used 69324K, committed 69632K, reserved 1114112K
  class space    used 7690K, committed 7808K, reserved 1048576K
}
Event: 8.849 GC heap after
{Heap after GC invocations=24 (full 0):
 garbage-first heap   total 143360K, used 92183K [0x0000000741e00000, 0x0000000800000000)
  region size 2048K, 3 young (6144K), 3 survivors (6144K)
 Metaspace       used 69324K, committed 69632K, reserved 1114112K
  class space    used 7690K, committed 7808K, reserved 1048576K
}
Event: 9.527 GC heap before
{Heap before GC invocations=25 (full 0):
 garbage-first heap   total 157696K, used 120855K [0x0000000741e00000, 0x0000000800000000)
  region size 2048K, 18 young (36864K), 3 survivors (6144K)
 Metaspace       used 72567K, committed 72896K, reserved 1114112K
  class space    used 7925K, committed 8064K, reserved 1048576K
}
Event: 9.540 GC heap after
{Heap after GC invocations=26 (full 0):
 garbage-first heap   total 157696K, used 95644K [0x0000000741e00000, 0x0000000800000000)
  region size 2048K, 2 young (4096K), 2 survivors (4096K)
 Metaspace       used 72567K, committed 72896K, reserved 1114112K
  class space    used 7925K, committed 8064K, reserved 1048576K
}
Event: 10.465 GC heap before
{Heap before GC invocations=26 (full 0):
 garbage-first heap   total 157696K, used 136604K [0x0000000741e00000, 0x0000000800000000)
  region size 2048K, 22 young (45056K), 2 survivors (4096K)
 Metaspace       used 74985K, committed 75392K, reserved 1179648K
  class space    used 8169K, committed 8384K, reserved 1048576K
}
Event: 10.487 GC heap after
{Heap after GC invocations=27 (full 0):
 garbage-first heap   total 198656K, used 103718K [0x0000000741e00000, 0x0000000800000000)
  region size 2048K, 3 young (6144K), 3 survivors (6144K)
 Metaspace       used 74985K, committed 75392K, reserved 1179648K
  class space    used 8169K, committed 8384K, reserved 1048576K
}
Event: 12.491 GC heap before
{Heap before GC invocations=27 (full 0):
 garbage-first heap   total 198656K, used 169254K [0x0000000741e00000, 0x0000000800000000)
  region size 2048K, 35 young (71680K), 3 survivors (6144K)
 Metaspace       used 87203K, committed 87616K, reserved 1179648K
  class space    used 9232K, committed 9408K, reserved 1048576K
}
Event: 12.506 GC heap after
{Heap after GC invocations=28 (full 0):
 garbage-first heap   total 198656K, used 110104K [0x0000000741e00000, 0x0000000800000000)
  region size 2048K, 3 young (6144K), 3 survivors (6144K)
 Metaspace       used 87203K, committed 87616K, reserved 1179648K
  class space    used 9232K, committed 9408K, reserved 1048576K
}

Dll operation events (3 events):
Event: 0.008 Loaded shared library C:\Program Files\Android\Android Studio\jbr\bin\java.dll
Event: 0.016 Loaded shared library C:\Program Files\Android\Android Studio\jbr\bin\zip.dll
Event: 1.059 Loaded shared library C:\Program Files\Android\Android Studio\jbr\bin\verify.dll

Deoptimization events (20 events):
Event: 12.629 Thread 0x0000027a6d710670 Uncommon trap: trap_request=0xffffff66 fr.pc=0x0000027a08073868 relative=0x0000000000000de8
Event: 12.629 Thread 0x0000027a6d710670 Uncommon trap: reason=speculate_class_check action=maybe_recompile pc=0x0000027a08073868 method=org.jetbrains.kotlin.ir.util.AdditionalIrUtilsKt.hasEqualFqName(Lorg/jetbrains/kotlin/ir/declarations/IrDeclarationWithName;Lorg/jetbrains/kotlin/name/FqName;)
Event: 12.629 Thread 0x0000027a6d710670 DEOPT PACKING pc=0x0000027a08073868 sp=0x000000a3697fd170
Event: 12.629 Thread 0x0000027a6d710670 DEOPT UNPACKING pc=0x0000027a0758469c sp=0x000000a3697fd090 mode 2
Event: 12.629 Thread 0x0000027a6d710670 Uncommon trap: trap_request=0xffffff66 fr.pc=0x0000027a08073868 relative=0x0000000000000de8
Event: 12.629 Thread 0x0000027a6d710670 Uncommon trap: reason=speculate_class_check action=maybe_recompile pc=0x0000027a08073868 method=org.jetbrains.kotlin.ir.util.AdditionalIrUtilsKt.hasEqualFqName(Lorg/jetbrains/kotlin/ir/declarations/IrDeclarationWithName;Lorg/jetbrains/kotlin/name/FqName;)
Event: 12.629 Thread 0x0000027a6d710670 DEOPT PACKING pc=0x0000027a08073868 sp=0x000000a3697fd170
Event: 12.629 Thread 0x0000027a6d710670 DEOPT UNPACKING pc=0x0000027a0758469c sp=0x000000a3697fd090 mode 2
Event: 12.644 Thread 0x0000027a6d710670 Uncommon trap: trap_request=0xffffffde fr.pc=0x0000027a080a658c relative=0x000000000000030c
Event: 12.644 Thread 0x0000027a6d710670 Uncommon trap: reason=class_check action=maybe_recompile pc=0x0000027a080a658c method=org.jetbrains.kotlin.ir.types.IrTypeSystemContext$DefaultImpls.getNameForClassUnderKotlinPackage(Lorg/jetbrains/kotlin/ir/types/IrTypeSystemContext;Lorg/jetbrains/kotlin
Event: 12.644 Thread 0x0000027a6d710670 DEOPT PACKING pc=0x0000027a080a658c sp=0x000000a3697fc630
Event: 12.644 Thread 0x0000027a6d710670 DEOPT UNPACKING pc=0x0000027a0758469c sp=0x000000a3697fc5b0 mode 2
Event: 12.644 Thread 0x0000027a6d710670 Uncommon trap: trap_request=0xffffffde fr.pc=0x0000027a080a658c relative=0x000000000000030c
Event: 12.644 Thread 0x0000027a6d710670 Uncommon trap: reason=class_check action=maybe_recompile pc=0x0000027a080a658c method=org.jetbrains.kotlin.ir.types.IrTypeSystemContext$DefaultImpls.getNameForClassUnderKotlinPackage(Lorg/jetbrains/kotlin/ir/types/IrTypeSystemContext;Lorg/jetbrains/kotlin
Event: 12.644 Thread 0x0000027a6d710670 DEOPT PACKING pc=0x0000027a080a658c sp=0x000000a3697fc630
Event: 12.644 Thread 0x0000027a6d710670 DEOPT UNPACKING pc=0x0000027a0758469c sp=0x000000a3697fc5b0 mode 2
Event: 12.832 Thread 0x0000027a6d710670 Uncommon trap: trap_request=0xffffffde fr.pc=0x0000027a07f00690 relative=0x00000000000008b0
Event: 12.832 Thread 0x0000027a6d710670 Uncommon trap: reason=class_check action=maybe_recompile pc=0x0000027a07f00690 method=org.jetbrains.kotlin.types.TypeCheckerState$SupertypesPolicy$LowerIfFlexible.transformType(Lorg/jetbrains/kotlin/types/TypeCheckerState;Lorg/jetbrains/kotlin/types/model
Event: 12.832 Thread 0x0000027a6d710670 DEOPT PACKING pc=0x0000027a07f00690 sp=0x000000a3697fbd50
Event: 12.832 Thread 0x0000027a6d710670 DEOPT UNPACKING pc=0x0000027a0758469c sp=0x000000a3697fbd00 mode 2

Classes loaded (20 events):
Event: 11.301 Loading class sun/security/jca/GetInstance$Instance
Event: 11.301 Loading class sun/security/jca/GetInstance$Instance done
Event: 11.302 Loading class java/security/MessageDigest$Delegate
Event: 11.302 Loading class sun/security/util/MessageDigestSpi2
Event: 11.302 Loading class sun/security/util/MessageDigestSpi2 done
Event: 11.302 Loading class java/security/MessageDigest$Delegate done
Event: 11.302 Loading class java/security/MessageDigest$Delegate$CloneableDelegate
Event: 11.302 Loading class java/security/MessageDigest$Delegate$CloneableDelegate done
Event: 11.302 Loading class sun/security/provider/ByteArrayAccess
Event: 11.302 Loading class sun/security/provider/ByteArrayAccess done
Event: 11.302 Loading class sun/security/provider/ByteArrayAccess$LE
Event: 11.302 Loading class sun/security/provider/ByteArrayAccess$LE done
Event: 11.303 Loading class java/util/Base64
Event: 11.304 Loading class java/util/Base64 done
Event: 11.304 Loading class java/util/Base64$Encoder
Event: 11.304 Loading class java/util/Base64$Encoder done
Event: 12.232 Loading class java/lang/TypeNotPresentException
Event: 12.232 Loading class java/lang/TypeNotPresentException done
Event: 12.381 Loading class java/util/Vector$Itr
Event: 12.381 Loading class java/util/Vector$Itr done

Classes unloaded (0 events):
No events

Classes redefined (0 events):
No events

Internal exceptions (20 events):
Event: 9.777 Thread 0x0000027a6d710670 Exception <a 'java/lang/NoSuchMethodError'{0x000000074ab16570}: 'java.lang.Object java.lang.invoke.DirectMethodHandle$Holder.invokeSpecial(java.lang.Object, java.lang.Object, java.lang.Object, java.lang.Object, java.lang.Object, java.lang.Object, java.lang.Object, int)'> (0x000000074ab16570) 
thrown [s\src\hotspot\share\interpreter\linkResolver.cpp, line 784]
Event: 10.574 Thread 0x0000027a6d710670 Exception <a 'java/lang/NoSuchMethodError'{0x000000074dd3fb08}: 'java.lang.Object java.lang.invoke.DirectMethodHandle$Holder.invokeStatic(java.lang.Object, java.lang.Object, java.lang.Object, java.lang.Object, java.lang.Object, int, java.lang.Object, java.lang.Object)'> (0x000000074dd3fb08) 
thrown [s\src\hotspot\share\interpreter\linkResolver.cpp, line 784]
Event: 10.590 Thread 0x0000027a6d710670 Exception <a 'java/lang/NoSuchMethodError'{0x000000074ddd9058}: 'java.lang.Object java.lang.invoke.DirectMethodHandle$Holder.newInvokeSpecial(java.lang.Object, int, java.lang.Object, java.lang.Object, java.lang.Object)'> (0x000000074ddd9058) 
thrown [s\src\hotspot\share\interpreter\linkResolver.cpp, line 784]
Event: 10.590 Thread 0x0000027a6d710670 Exception <a 'java/lang/NoSuchMethodError'{0x000000074dddd200}: 'java.lang.Object java.lang.invoke.DirectMethodHandle$Holder.invokeSpecial(java.lang.Object, java.lang.Object, int, java.lang.Object, java.lang.Object, java.lang.Object)'> (0x000000074dddd200) 
thrown [s\src\hotspot\share\interpreter\linkResolver.cpp, line 784]
Event: 10.590 Thread 0x0000027a6d710670 Exception <a 'java/lang/NoSuchMethodError'{0x000000074dde0a38}: 'java.lang.Object java.lang.invoke.Invokers$Holder.linkToTargetMethod(int, java.lang.Object, java.lang.Object, java.lang.Object, java.lang.Object)'> (0x000000074dde0a38) 
thrown [s\src\hotspot\share\interpreter\linkResolver.cpp, line 784]
Event: 10.783 Thread 0x0000027a6d710670 Exception <a 'java/lang/NoSuchMethodError'{0x000000074d384a40}: 'java.lang.Object java.lang.invoke.DirectMethodHandle$Holder.newInvokeSpecial(java.lang.Object, int, java.lang.Object, int)'> (0x000000074d384a40) 
thrown [s\src\hotspot\share\interpreter\linkResolver.cpp, line 784]
Event: 11.252 Thread 0x0000027a6d710670 Exception <a 'java/lang/NoSuchMethodError'{0x000000074c06d9a0}: 'java.lang.Object java.lang.invoke.DirectMethodHandle$Holder.invokeStatic(java.lang.Object, java.lang.Object, java.lang.Object, java.lang.Object, int, java.lang.Object)'> (0x000000074c06d9a0) 
thrown [s\src\hotspot\share\interpreter\linkResolver.cpp, line 784]
Event: 12.291 Thread 0x0000027a6d710670 Exception <a 'java/lang/NoSuchMethodError'{0x000000074a9ded18}: 'java.lang.Object java.lang.invoke.DirectMethodHandle$Holder.invokeStatic(java.lang.Object, int, int)'> (0x000000074a9ded18) 
thrown [s\src\hotspot\share\interpreter\linkResolver.cpp, line 784]
Event: 12.363 Thread 0x0000027a6d710670 Exception <a 'java/lang/NoSuchMethodError'{0x000000074a548ba0}: 'java.lang.Object java.lang.invoke.DirectMethodHandle$Holder.newInvokeSpecial(java.lang.Object, java.lang.Object, java.lang.Object, java.lang.Object, java.lang.Object, int, java.lang.Object)'> (0x000000074a548ba0) 
thrown [s\src\hotspot\share\interpreter\linkResolver.cpp, line 784]
Event: 12.363 Thread 0x0000027a6d710670 Exception <a 'java/lang/NoSuchMethodError'{0x000000074a54cce8}: 'java.lang.Object java.lang.invoke.DirectMethodHandle$Holder.invokeSpecial(java.lang.Object, java.lang.Object, java.lang.Object, java.lang.Object, java.lang.Object, java.lang.Object, int, java.lang.Object)'> (0x000000074a54cce8) 
thrown [s\src\hotspot\share\interpreter\linkResolver.cpp, line 784]
Event: 12.363 Thread 0x0000027a6d710670 Exception <a 'java/lang/NoSuchMethodError'{0x000000074a550458}: 'java.lang.Object java.lang.invoke.Invokers$Holder.linkToTargetMethod(java.lang.Object, java.lang.Object, java.lang.Object, java.lang.Object, int, java.lang.Object, java.lang.Object)'> (0x000000074a550458) 
thrown [s\src\hotspot\share\interpreter\linkResolver.cpp, line 784]
Event: 12.533 Thread 0x0000027a6d710670 Exception <a 'java/lang/NoSuchMethodError'{0x000000074dfffaa8}: 'java.lang.Object java.lang.invoke.DirectMethodHandle$Holder.newInvokeSpecial(java.lang.Object, int, int, java.lang.Object)'> (0x000000074dfffaa8) 
thrown [s\src\hotspot\share\interpreter\linkResolver.cpp, line 784]
Event: 12.535 Thread 0x0000027a6d710670 Exception <a 'java/lang/NoSuchMethodError'{0x000000074dc10480}: 'java.lang.Object java.lang.invoke.DirectMethodHandle$Holder.invokeStatic(java.lang.Object, java.lang.Object, int, int, java.lang.Object)'> (0x000000074dc10480) 
thrown [s\src\hotspot\share\interpreter\linkResolver.cpp, line 784]
Event: 12.622 Thread 0x0000027a6d710670 Exception <a 'java/lang/NoSuchMethodError'{0x000000074d81bc60}: 'java.lang.Object java.lang.invoke.DirectMethodHandle$Holder.newInvokeSpecial(java.lang.Object, java.lang.Object, java.lang.Object, java.lang.Object, int, java.lang.Object)'> (0x000000074d81bc60) 
thrown [s\src\hotspot\share\interpreter\linkResolver.cpp, line 784]
Event: 12.622 Thread 0x0000027a6d710670 Exception <a 'java/lang/NoSuchMethodError'{0x000000074d81ff30}: 'java.lang.Object java.lang.invoke.DirectMethodHandle$Holder.invokeSpecial(java.lang.Object, java.lang.Object, java.lang.Object, java.lang.Object, java.lang.Object, int, java.lang.Object)'> (0x000000074d81ff30) 
thrown [s\src\hotspot\share\interpreter\linkResolver.cpp, line 784]
Event: 12.623 Thread 0x0000027a6d710670 Exception <a 'java/lang/NoSuchMethodError'{0x000000074d823b08}: 'java.lang.Object java.lang.invoke.Invokers$Holder.linkToTargetMethod(java.lang.Object, java.lang.Object, java.lang.Object, int, java.lang.Object, java.lang.Object)'> (0x000000074d823b08) 
thrown [s\src\hotspot\share\interpreter\linkResolver.cpp, line 784]
Event: 12.709 Thread 0x0000027a6d710670 Exception <a 'java/lang/NoSuchMethodError'{0x000000074d6cd870}: 'java.lang.Object java.lang.invoke.DirectMethodHandle$Holder.invokeStatic(java.lang.Object, java.lang.Object, java.lang.Object, java.lang.Object, java.lang.Object, int)'> (0x000000074d6cd870) 
thrown [s\src\hotspot\share\interpreter\linkResolver.cpp, line 784]
Event: 12.710 Thread 0x0000027a6d710670 Exception <a 'java/lang/NoSuchMethodError'{0x000000074d6d59e0}: 'java.lang.Object java.lang.invoke.DirectMethodHandle$Holder.newInvokeSpecial(java.lang.Object, java.lang.Object, java.lang.Object, java.lang.Object, java.lang.Object, int)'> (0x000000074d6d59e0) 
thrown [s\src\hotspot\share\interpreter\linkResolver.cpp, line 784]
Event: 12.710 Thread 0x0000027a6d710670 Exception <a 'java/lang/NoSuchMethodError'{0x000000074d6d9cb0}: 'java.lang.Object java.lang.invoke.DirectMethodHandle$Holder.invokeSpecial(java.lang.Object, java.lang.Object, java.lang.Object, java.lang.Object, java.lang.Object, java.lang.Object, int)'> (0x000000074d6d9cb0) 
thrown [s\src\hotspot\share\interpreter\linkResolver.cpp, line 784]
Event: 12.711 Thread 0x0000027a6d710670 Exception <a 'java/lang/NoSuchMethodError'{0x000000074d6dd888}: 'java.lang.Object java.lang.invoke.Invokers$Holder.linkToTargetMethod(java.lang.Object, java.lang.Object, java.lang.Object, java.lang.Object, int, java.lang.Object)'> (0x000000074d6dd888) 
thrown [s\src\hotspot\share\interpreter\linkResolver.cpp, line 784]

ZGC Phase Switch (0 events):
No events

VM Operations (20 events):
Event: 12.361 Executing VM operation: HandshakeAllThreads (Deoptimize)
Event: 12.361 Executing VM operation: HandshakeAllThreads (Deoptimize) done
Event: 12.415 Executing VM operation: HandshakeAllThreads (Deoptimize)
Event: 12.415 Executing VM operation: HandshakeAllThreads (Deoptimize) done
Event: 12.456 Executing VM operation: ICBufferFull
Event: 12.457 Executing VM operation: ICBufferFull done
Event: 12.465 Executing VM operation: HandshakeAllThreads (Deoptimize)
Event: 12.465 Executing VM operation: HandshakeAllThreads (Deoptimize) done
Event: 12.491 Executing VM operation: G1CollectForAllocation (G1 Evacuation Pause)
Event: 12.506 Executing VM operation: G1CollectForAllocation (G1 Evacuation Pause) done
Event: 12.546 Executing VM operation: HandshakeAllThreads (Deoptimize)
Event: 12.546 Executing VM operation: HandshakeAllThreads (Deoptimize) done
Event: 12.569 Executing VM operation: HandshakeAllThreads (Deoptimize)
Event: 12.569 Executing VM operation: HandshakeAllThreads (Deoptimize) done
Event: 12.570 Executing VM operation: HandshakeAllThreads (Deoptimize)
Event: 12.570 Executing VM operation: HandshakeAllThreads (Deoptimize) done
Event: 12.646 Executing VM operation: ICBufferFull
Event: 12.646 Executing VM operation: ICBufferFull done
Event: 12.832 Executing VM operation: ICBufferFull
Event: 12.832 Executing VM operation: ICBufferFull done

Memory protections (0 events):
No events

Nmethod flushes (20 events):
Event: 9.042 Thread 0x0000027a789d12b0 flushing  nmethod 0x0000027a002b0610
Event: 9.042 Thread 0x0000027a789d12b0 flushing  nmethod 0x0000027a002db010
Event: 9.042 Thread 0x0000027a789d12b0 flushing  nmethod 0x0000027a00338b90
Event: 9.042 Thread 0x0000027a789d12b0 flushing  nmethod 0x0000027a00458190
Event: 9.042 Thread 0x0000027a789d12b0 flushing  nmethod 0x0000027a0046d790
Event: 9.042 Thread 0x0000027a789d12b0 flushing  nmethod 0x0000027a00472c10
Event: 9.042 Thread 0x0000027a789d12b0 flushing  nmethod 0x0000027a004b7090
Event: 9.042 Thread 0x0000027a789d12b0 flushing  nmethod 0x0000027a004bb790
Event: 9.042 Thread 0x0000027a789d12b0 flushing  nmethod 0x0000027a004ee590
Event: 9.042 Thread 0x0000027a789d12b0 flushing  nmethod 0x0000027a0050c490
Event: 9.042 Thread 0x0000027a789d12b0 flushing  nmethod 0x0000027a00558390
Event: 9.042 Thread 0x0000027a789d12b0 flushing  nmethod 0x0000027a005e5410
Event: 9.042 Thread 0x0000027a789d12b0 flushing  nmethod 0x0000027a00604290
Event: 9.042 Thread 0x0000027a789d12b0 flushing  nmethod 0x0000027a006d6e10
Event: 9.042 Thread 0x0000027a789d12b0 flushing  nmethod 0x0000027a00731710
Event: 9.042 Thread 0x0000027a789d12b0 flushing  nmethod 0x0000027a0086cb10
Event: 9.042 Thread 0x0000027a789d12b0 flushing  nmethod 0x0000027a0086d110
Event: 9.042 Thread 0x0000027a789d12b0 flushing  nmethod 0x0000027a0087de90
Event: 9.042 Thread 0x0000027a789d12b0 flushing  nmethod 0x0000027a008bff10
Event: 9.042 Thread 0x0000027a789d12b0 flushing  nmethod 0x0000027a008ca910

Events (16 events):
Event: 0.015 Thread 0x0000027a6d710670 Thread added: 0x0000027a6d710670
Event: 0.079 Thread 0x0000027a6d710670 Thread added: 0x0000027a7d046490
Event: 0.079 Thread 0x0000027a6d710670 Thread added: 0x0000027a78a2c3d0
Event: 0.081 Thread 0x0000027a6d710670 Thread added: 0x0000027a78a2d460
Event: 0.082 Thread 0x0000027a6d710670 Thread added: 0x0000027a78a2e170
Event: 0.082 Thread 0x0000027a6d710670 Thread added: 0x0000027a7d028210
Event: 0.082 Thread 0x0000027a6d710670 Thread added: 0x0000027a7d027a90
Event: 0.082 Thread 0x0000027a6d710670 Thread added: 0x0000027a7d02a220
Event: 0.082 Thread 0x0000027a6d710670 Thread added: 0x0000027a7d032cc0
Event: 0.122 Thread 0x0000027a6d710670 Thread added: 0x0000027a7d1faf40
Event: 0.128 Thread 0x0000027a6d710670 Thread added: 0x0000027a7d1f9480
Event: 0.137 Loaded shared library C:\Program Files\Android\Android Studio\jbr\bin\net.dll
Event: 0.139 Loaded shared library C:\Program Files\Android\Android Studio\jbr\bin\nio.dll
Event: 0.157 Thread 0x0000027a7d02a220 Thread added: 0x0000027a7d1fe9e0
Event: 0.162 Loaded shared library C:\Program Files\Android\Android Studio\jbr\bin\zip.dll
Event: 0.189 Loaded shared library C:\Program Files\Android\Android Studio\jbr\bin\jimage.dll


Dynamic libraries:
0x00007ff7d6060000 - 0x00007ff7d606a000 	C:\Program Files\Android\Android Studio\jbr\bin\java.exe
0x00007ffa19c50000 - 0x00007ffa19e67000 	C:\Windows\SYSTEM32\ntdll.dll
0x00007ffa19010000 - 0x00007ffa190d4000 	C:\Windows\System32\KERNEL32.DLL
0x00007ffa16f60000 - 0x00007ffa17317000 	C:\Windows\System32\KERNELBASE.dll
0x00007ffa17600000 - 0x00007ffa17711000 	C:\Windows\System32\ucrtbase.dll
0x00007ffa10820000 - 0x00007ffa1083b000 	C:\Program Files\Android\Android Studio\jbr\bin\VCRUNTIME140.dll
0x00007ffa09b90000 - 0x00007ffa09ba8000 	C:\Program Files\Android\Android Studio\jbr\bin\jli.dll
0x00007ffa18e50000 - 0x00007ffa18fff000 	C:\Windows\System32\USER32.dll
0x00007ffa17320000 - 0x00007ffa17346000 	C:\Windows\System32\win32u.dll
0x00007ffa093d0000 - 0x00007ffa09663000 	C:\Windows\WinSxS\amd64_microsoft.windows.common-controls_6595b64144ccf1df_6.0.22621.3672_none_2713b9d173822955\COMCTL32.dll
0x00007ffa197a0000 - 0x00007ffa197c9000 	C:\Windows\System32\GDI32.dll
0x00007ffa17e40000 - 0x00007ffa17ee7000 	C:\Windows\System32\msvcrt.dll
0x00007ffa174e0000 - 0x00007ffa175f8000 	C:\Windows\System32\gdi32full.dll
0x00007ffa173c0000 - 0x00007ffa1745a000 	C:\Windows\System32\msvcp_win.dll
0x00007ffa17d60000 - 0x00007ffa17d91000 	C:\Windows\System32\IMM32.DLL
0x00007ffa13e70000 - 0x00007ffa13e7c000 	C:\Program Files\Android\Android Studio\jbr\bin\vcruntime140_1.dll
0x00007ff9f10c0000 - 0x00007ff9f114d000 	C:\Program Files\Android\Android Studio\jbr\bin\msvcp140.dll
0x00007ff971540000 - 0x00007ff9721ca000 	C:\Program Files\Android\Android Studio\jbr\bin\server\jvm.dll
0x00007ffa19690000 - 0x00007ffa19742000 	C:\Windows\System32\ADVAPI32.dll
0x00007ffa19b60000 - 0x00007ffa19c08000 	C:\Windows\System32\sechost.dll
0x00007ffa17890000 - 0x00007ffa178b8000 	C:\Windows\System32\bcrypt.dll
0x00007ffa18d30000 - 0x00007ffa18e44000 	C:\Windows\System32\RPCRT4.dll
0x00007ffa18cb0000 - 0x00007ffa18d21000 	C:\Windows\System32\WS2_32.dll
0x00007ffa16e30000 - 0x00007ffa16e7d000 	C:\Windows\SYSTEM32\POWRPROF.dll
0x00007ffa09ab0000 - 0x00007ffa09ae4000 	C:\Windows\SYSTEM32\WINMM.dll
0x00007ffa11e40000 - 0x00007ffa11e4a000 	C:\Windows\SYSTEM32\VERSION.dll
0x00007ffa16e10000 - 0x00007ffa16e23000 	C:\Windows\SYSTEM32\UMPDC.dll
0x00007ffa15fb0000 - 0x00007ffa15fc8000 	C:\Windows\SYSTEM32\kernel.appcore.dll
0x00007ffa13d60000 - 0x00007ffa13d6a000 	C:\Program Files\Android\Android Studio\jbr\bin\jimage.dll
0x00007ffa096a0000 - 0x00007ffa098d2000 	C:\Windows\SYSTEM32\DBGHELP.DLL
0x00007ffa197d0000 - 0x00007ffa19b5e000 	C:\Windows\System32\combase.dll
0x00007ffa179a0000 - 0x00007ffa17a77000 	C:\Windows\System32\OLEAUT32.dll
0x00007ff9fbd70000 - 0x00007ff9fbda2000 	C:\Windows\SYSTEM32\dbgcore.DLL
0x00007ffa17460000 - 0x00007ffa174db000 	C:\Windows\System32\bcryptPrimitives.dll
0x00007ffa10800000 - 0x00007ffa10820000 	C:\Program Files\Android\Android Studio\jbr\bin\java.dll
0x00007ffa0f790000 - 0x00007ffa0f7a8000 	C:\Program Files\Android\Android Studio\jbr\bin\zip.dll
0x00007ffa17f60000 - 0x00007ffa187c9000 	C:\Windows\System32\SHELL32.dll
0x00007ffa14ec0000 - 0x00007ffa157bf000 	C:\Windows\SYSTEM32\windows.storage.dll
0x00007ffa14d80000 - 0x00007ffa14ebf000 	C:\Windows\SYSTEM32\wintypes.dll
0x00007ffa17a80000 - 0x00007ffa17b79000 	C:\Windows\System32\SHCORE.dll
0x00007ffa17b80000 - 0x00007ffa17bde000 	C:\Windows\System32\shlwapi.dll
0x00007ffa16e90000 - 0x00007ffa16eb7000 	C:\Windows\SYSTEM32\profapi.dll
0x00007ffa11df0000 - 0x00007ffa11e00000 	C:\Program Files\Android\Android Studio\jbr\bin\net.dll
0x00007ffa113c0000 - 0x00007ffa114f6000 	C:\Windows\SYSTEM32\WINHTTP.dll
0x00007ffa16420000 - 0x00007ffa16489000 	C:\Windows\system32\mswsock.dll
0x00007ffa0f770000 - 0x00007ffa0f786000 	C:\Program Files\Android\Android Studio\jbr\bin\nio.dll
0x00007ffa0eab0000 - 0x00007ffa0eac0000 	C:\Program Files\Android\Android Studio\jbr\bin\verify.dll

dbghelp: loaded successfully - version: 4.0.5 - missing functions: none
symbol engine: initialized successfully - sym options: 0x614 - pdb path: .;C:\Program Files\Android\Android Studio\jbr\bin;C:\Windows\SYSTEM32;C:\Windows\WinSxS\amd64_microsoft.windows.common-controls_6595b64144ccf1df_6.0.22621.3672_none_2713b9d173822955;C:\Program Files\Android\Android Studio\jbr\bin\server

VM Arguments:
java_command: org.jetbrains.kotlin.cli.jvm.K2JVMCompiler @C:\Users\Kajal's PC\AndroidStudioProjects\BaatCheet\app\build\20250604_3781738844521414110.compiler.options
java_class_path (initial): C:\Users\Kajal's PC\.gradle\caches\modules-2\files-2.1\org.jetbrains.kotlin\kotlin-compiler-embeddable\2.0.21\79346ed53db48b18312a472602eb5c057070c54d\kotlin-compiler-embeddable-2.0.21.jar;C:\Users\Kajal's PC\.gradle\caches\modules-2\files-2.1\org.jetbrains.kotlin\kotlin-stdlib\2.0.21\618b539767b4899b4660a83006e052b63f1db551\kotlin-stdlib-2.0.21.jar;C:\Users\Kajal's PC\.gradle\caches\modules-2\files-2.1\org.jetbrains.kotlin\kotlin-script-runtime\2.0.21\c9b044380ad41f89aa89aa896c2d32a8c0b2129d\kotlin-script-runtime-2.0.21.jar;C:\Users\Kajal's PC\.gradle\caches\modules-2\files-2.1\org.jetbrains.kotlin\kotlin-reflect\1.6.10\1cbe9c92c12a94eea200d23c2bbaedaf3daf5132\kotlin-reflect-1.6.10.jar;C:\Users\Kajal's PC\.gradle\caches\modules-2\files-2.1\org.jetbrains.kotlin\kotlin-daemon-embeddable\2.0.21\c9e933b23287de9b5a17e2116b4657bb91aea72c\kotlin-daemon-embeddable-2.0.21.jar;C:\Users\Kajal's PC\.gradle\caches\modules-2\files-2.1\org.jetbrains.intellij.deps\trove4j\1.0.20200330\3afb14d5f9ceb459d724e907a21145e8ff394f02\trove4j-1.0.20200330.jar;C:\Users\Kajal's PC\.gradle\caches\modules-2\files-2.1\org.jetbrains.kotlinx\kotlinx-coroutines-core-jvm\1.6.4\2c997cd1c0ef33f3e751d3831929aeff1390cb30\kotlinx-coroutines-core-jvm-1.6.4.jar;C:\Users\Kajal's PC\.gradle\caches\modules-2\files-2.1\org.jetbrains\annotations\13.0\919f0dfe192fb4e063e7dacadee7f8bb9a2672a9\annotations-13.0.jar
Launcher Type: SUN_STANDARD

[Global flags]
     intx CICompilerCount                          = 3                                         {product} {ergonomic}
     uint ConcGCThreads                            = 1                                         {product} {ergonomic}
     uint G1ConcRefinementThreads                  = 4                                         {product} {ergonomic}
   size_t G1HeapRegionSize                         = 2097152                                   {product} {ergonomic}
    uintx GCDrainStackTargetSize                   = 64                                        {product} {ergonomic}
   size_t InitialHeapSize                          = 201326592                                 {product} {ergonomic}
   size_t MarkStackSize                            = 4194304                                   {product} {ergonomic}
   size_t MaxHeapSize                              = 3189768192                                {product} {ergonomic}
   size_t MaxNewSize                               = 1912602624                                {product} {ergonomic}
   size_t MinHeapDeltaBytes                        = 2097152                                   {product} {ergonomic}
   size_t MinHeapSize                              = 8388608                                   {product} {ergonomic}
    uintx NonNMethodCodeHeapSize                   = 5832780                                {pd product} {ergonomic}
    uintx NonProfiledCodeHeapSize                  = 122912730                              {pd product} {ergonomic}
    uintx ProfiledCodeHeapSize                     = 122912730                              {pd product} {ergonomic}
    uintx ReservedCodeCacheSize                    = 251658240                              {pd product} {ergonomic}
     bool SegmentedCodeCache                       = true                                      {product} {ergonomic}
   size_t SoftMaxHeapSize                          = 3189768192                             {manageable} {ergonomic}
     bool UseCompressedOops                        = true                           {product lp64_product} {ergonomic}
     bool UseG1GC                                  = true                                      {product} {ergonomic}
     bool UseLargePagesIndividualAllocation        = false                                  {pd product} {ergonomic}

Logging:
Log output configuration:
 #0: stdout all=warning uptime,level,tags foldmultilines=false
 #1: stderr all=off uptime,level,tags foldmultilines=false

Environment Variables:
PATH=C:\Program Files\Common Files\Oracle\Java\javapath;C:\Windows\system32;C:\Windows;C:\Windows\System32\Wbem;C:\Windows\System32\WindowsPowerShell\v1.0\;C:\Windows\System32\OpenSSH\;C:\Users\Kajal's PC\.vscode\extensions\redhat.java-1.41.0-win32-x64\jre\21.0.6-win32-x86_64\bin;C:\Program Files\Git\cmd;C:\flutter\bin;C:\Users\Kajal's PC\AppData\Local\Android\Sdk;C:\Program Files\dotnet\;C:\Program Files (x86)\Windows Kits\10\Windows Performance Toolkit\;C:\Users\Kajal's PC\AppData\Local\Pub\Cache\bin;C:\Program Files\nodejs;C:\Program Files\PowerShell\7\;C:\Users\Kajal's PC\AppData\Local\Microsoft\WindowsApps;C:\Users\Kajal's PC\.dotnet\tools;C:\Users\Kajal's PC\AppData\Local\Pub\Cache\bin;C:\Users\Kajal's PC\AppData\Roaming\npm
USERNAME=Kajal's PC
OS=Windows_NT
PROCESSOR_IDENTIFIER=Intel64 Family 6 Model 158 Stepping 10, GenuineIntel
TMP=C:\Users\KAJAL'~1\AppData\Local\Temp
TEMP=C:\Users\KAJAL'~1\AppData\Local\Temp




Periodic native trim disabled

JNI global refs:
JNI global refs: 12, weak refs: 5

JNI global refs memory usage: 835, weak refs: 833

Process memory usage:
Resident Set Size: 473384K (3% of 12453076K total physical memory with 1097460K free physical memory)

OOME stack traces (most recent first):
Classloader memory used:
Loader jdk.internal.loader.ClassLoaders$AppClassLoader                                 : 75000K
Loader bootstrap                                                                       : 11647K
Loader java.net.URLClassLoader                                                         : 2267K

---------------  S Y S T E M  ---------------

OS:
 Windows 11 , 64 bit Build 22621 (10.0.22621.3958)
OS uptime: 0 days 3:54 hours
Hyper-V role detected

CPU: total 4 (initial active 4) (2 cores per cpu, 2 threads per core) family 6 model 158 stepping 10 microcode 0xde, cx8, cmov, fxsr, ht, mmx, 3dnowpref, sse, sse2, sse3, ssse3, sse4.1, sse4.2, popcnt, lzcnt, tsc, tscinvbit, aes, erms, clmul, clflush, clflushopt, hv, rdtscp
Processor Information for all 4 processors :
  Max Mhz: 3700, Current Mhz: 3700, Mhz Limit: 3700

Memory: 4k page, system-wide physical 12161M (1071M free)
TotalPageFile size 12161M (AvailPageFile size 7M)
current process WorkingSet (physical memory assigned to process): 462M, peak: 462M
current process commit charge ("private bytes"): 479M, peak: 481M

vm_info: OpenJDK 64-Bit Server VM (21.0.5+-13047016-b750.29) for windows-amd64 JRE (21.0.5+-13047016-b750.29), built on 2025-02-11T21:12:39Z by "builder" with MS VC++ 16.10 / 16.11 (VS2019)

END.
