#
# There is insufficient memory for the Java Runtime Environment to continue.
# Native memory allocation (malloc) failed to allocate 2222544 bytes for Chunk::new
# Possible reasons:
#   The system is out of physical RAM or swap space
#   The process is running with CompressedOops enabled, and the Java Heap may be blocking the growth of the native heap
# Possible solutions:
#   Reduce memory load on the system
#   Increase physical memory or swap space
#   Check if swap backing store is full
#   Decrease Java heap size (-Xmx/-Xms)
#   Decrease number of Java threads
#   Decrease Java thread stack sizes (-Xss)
#   Set larger code cache with -XX:ReservedCodeCacheSize=
#   JVM is running with Unscaled Compressed Oops mode in which the Java heap is
#     placed in the first 4GB address space. The Java Heap base address is the
#     maximum limit for the native heap growth. Please use -XX:HeapBaseMinAddress
#     to set the Java Heap base and to place the Java Heap above 4GB virtual address.
# This output file may be truncated or incomplete.
#
#  Out of Memory Error (arena.cpp:189), pid=11028, tid=3260
#
# JRE version: Java(TM) SE Runtime Environment (17.0.12+8) (build 17.0.12+8-LTS-286)
# Java VM: Java HotSpot(TM) 64-Bit Server VM (17.0.12+8-LTS-286, mixed mode, sharing, tiered, compressed oops, compressed class ptrs, g1 gc, windows-amd64)
# No core dump will be written. Minidumps are not enabled by default on client versions of Windows
#

---------------  S U M M A R Y ------------

Command Line: --add-opens=java.base/java.lang=ALL-UNNAMED --add-opens=java.base/java.lang.invoke=ALL-UNNAMED --add-opens=java.base/java.util=ALL-UNNAMED --add-opens=java.prefs/java.util.prefs=ALL-UNNAMED --add-exports=jdk.compiler/com.sun.tools.javac.api=ALL-UNNAMED --add-exports=jdk.compiler/com.sun.tools.javac.util=ALL-UNNAMED --add-opens=java.base/java.util=ALL-UNNAMED --add-opens=java.prefs/java.util.prefs=ALL-UNNAMED --add-opens=java.base/java.nio.charset=ALL-UNNAMED --add-opens=java.base/java.net=ALL-UNNAMED --add-opens=java.base/java.util.concurrent.atomic=ALL-UNNAMED --add-opens=java.xml/javax.xml.namespace=ALL-UNNAMED -Xmx2048m -Dfile.encoding=UTF-8 -Duser.country=IN -Duser.language=en -Duser.variant -javaagent:C:\Users\Kajal's PC\.gradle\wrapper\dists\gradle-8.11.1-bin\bpt9gzteqjrbo1mjrsomdt32c\gradle-8.11.1\lib\agents\gradle-instrumentation-agent-8.11.1.jar org.gradle.launcher.daemon.bootstrap.GradleDaemon 8.11.1

Host: Intel(R) Pentium(R) Gold G5400 CPU @ 3.70GHz, 4 cores, 11G,  Windows 11 , 64 bit Build 22621 (10.0.22621.3958)
Time: Wed May 14 00:26:03 2025 India Standard Time elapsed time: 3.566863 seconds (0d 0h 0m 3s)

---------------  T H R E A D  ---------------

Current thread (0x000002379998e620):  JavaThread "C2 CompilerThread1" daemon [_thread_in_native, id=3260, stack(0x000000b90c800000,0x000000b90c900000)]


Current CompileTask:
C2:   3566 2392   !   4       java.lang.ClassLoader::loadClass (121 bytes)

Stack: [0x000000b90c800000,0x000000b90c900000]
Native frames: (J=compiled Java code, j=interpreted, Vv=VM code, C=native code)
V  [jvm.dll+0x67a04a]
V  [jvm.dll+0x7da4ed]
V  [jvm.dll+0x7dbe33]
V  [jvm.dll+0x7dc4a3]
V  [jvm.dll+0x24508f]
V  [jvm.dll+0xab773]
V  [jvm.dll+0xabd3c]
V  [jvm.dll+0x361bee]
V  [jvm.dll+0x32c431]
V  [jvm.dll+0x32b8ca]
V  [jvm.dll+0x21683f]
V  [jvm.dll+0x215c6f]
V  [jvm.dll+0x1a2960]
V  [jvm.dll+0x22610b]
V  [jvm.dll+0x2242ab]
V  [jvm.dll+0x79075c]
V  [jvm.dll+0x78abea]
V  [jvm.dll+0x678f35]
C  [ucrtbase.dll+0x29333]
C  [KERNEL32.DLL+0x1257d]
C  [ntdll.dll+0x5af08]


---------------  P R O C E S S  ---------------

Threads class SMR info:
_java_thread_list=0x000002379ab67760, length=26, elements={
0x0000023735e77460, 0x0000023753800f40, 0x00000237538021b0, 0x0000023753816330,
0x0000023753818d10, 0x0000023753819d80, 0x000002375381a650, 0x000002375381f3b0,
0x0000023753820510, 0x0000023753843d80, 0x0000023753a438d0, 0x0000023753af4000,
0x000002379998e620, 0x00000237998c9cc0, 0x000002379a5bff60, 0x000002379a69d5e0,
0x000002379a7b0460, 0x000002379a6a2000, 0x000002379a710ec0, 0x000002379a7109b0,
0x000002379a712810, 0x000002379a7113d0, 0x000002379a7118e0, 0x000002379a711df0,
0x000002379a70f060, 0x000002379a70fa80
}

Java Threads: ( => current thread )
  0x0000023735e77460 JavaThread "main" [_thread_blocked, id=8728, stack(0x000000b90b200000,0x000000b90b300000)]
  0x0000023753800f40 JavaThread "Reference Handler" daemon [_thread_blocked, id=3096, stack(0x000000b90b900000,0x000000b90ba00000)]
  0x00000237538021b0 JavaThread "Finalizer" daemon [_thread_blocked, id=13876, stack(0x000000b90ba00000,0x000000b90bb00000)]
  0x0000023753816330 JavaThread "Signal Dispatcher" daemon [_thread_blocked, id=9952, stack(0x000000b90bb00000,0x000000b90bc00000)]
  0x0000023753818d10 JavaThread "Attach Listener" daemon [_thread_blocked, id=11792, stack(0x000000b90bc00000,0x000000b90bd00000)]
  0x0000023753819d80 JavaThread "Service Thread" daemon [_thread_blocked, id=13568, stack(0x000000b90bd00000,0x000000b90be00000)]
  0x000002375381a650 JavaThread "Monitor Deflation Thread" daemon [_thread_blocked, id=9428, stack(0x000000b90be00000,0x000000b90bf00000)]
  0x000002375381f3b0 JavaThread "C2 CompilerThread0" daemon [_thread_blocked, id=11952, stack(0x000000b90bf00000,0x000000b90c000000)]
  0x0000023753820510 JavaThread "C1 CompilerThread0" daemon [_thread_blocked, id=7688, stack(0x000000b90c000000,0x000000b90c100000)]
  0x0000023753843d80 JavaThread "Sweeper thread" daemon [_thread_blocked, id=4540, stack(0x000000b90c100000,0x000000b90c200000)]
  0x0000023753a438d0 JavaThread "Common-Cleaner" daemon [_thread_blocked, id=11800, stack(0x000000b90c200000,0x000000b90c300000)]
  0x0000023753af4000 JavaThread "Notification Thread" daemon [_thread_blocked, id=14144, stack(0x000000b90c300000,0x000000b90c400000)]
=>0x000002379998e620 JavaThread "C2 CompilerThread1" daemon [_thread_in_native, id=3260, stack(0x000000b90c800000,0x000000b90c900000)]
  0x00000237998c9cc0 JavaThread "Daemon health stats" [_thread_blocked, id=11020, stack(0x000000b90c900000,0x000000b90ca00000)]
  0x000002379a5bff60 JavaThread "Incoming local TCP Connector on port 52890" [_thread_in_native, id=14244, stack(0x000000b90ca00000,0x000000b90cb00000)]
  0x000002379a69d5e0 JavaThread "Daemon periodic checks" [_thread_blocked, id=4040, stack(0x000000b90cb00000,0x000000b90cc00000)]
  0x000002379a7b0460 JavaThread "Daemon" [_thread_blocked, id=12736, stack(0x000000b90cc00000,0x000000b90cd00000)]
  0x000002379a6a2000 JavaThread "Handler for socket connection from /127.0.0.1:52890 to /127.0.0.1:52891" [_thread_in_native, id=12900, stack(0x000000b90cd00000,0x000000b90ce00000)]
  0x000002379a710ec0 JavaThread "Cancel handler" [_thread_blocked, id=6168, stack(0x000000b90ce00000,0x000000b90cf00000)]
  0x000002379a7109b0 JavaThread "Daemon worker" [_thread_in_vm, id=13992, stack(0x000000b90cf00000,0x000000b90d000000)]
  0x000002379a712810 JavaThread "Asynchronous log dispatcher for DefaultDaemonConnection: socket connection from /127.0.0.1:52890 to /127.0.0.1:52891" [_thread_blocked, id=13496, stack(0x000000b90d000000,0x000000b90d100000)]
  0x000002379a7113d0 JavaThread "Stdin handler" [_thread_blocked, id=12004, stack(0x000000b90d100000,0x000000b90d200000)]
  0x000002379a7118e0 JavaThread "Daemon client event forwarder" [_thread_blocked, id=4316, stack(0x000000b90d200000,0x000000b90d300000)]
  0x000002379a711df0 JavaThread "Cache worker for journal cache (C:\Users\Kajal's PC\.gradle\caches\journal-1)" [_thread_blocked, id=4368, stack(0x000000b90d300000,0x000000b90d400000)]
  0x000002379a70f060 JavaThread "File lock request listener" [_thread_in_native, id=9520, stack(0x000000b90d400000,0x000000b90d500000)]
  0x000002379a70fa80 JavaThread "Cache worker for file hash cache (C:\Users\Kajal's PC\.gradle\caches\8.11.1\fileHashes)" [_thread_blocked, id=8344, stack(0x000000b90d500000,0x000000b90d600000)]

Other Threads:
  0x00000237537fc9e0 VMThread "VM Thread" [stack: 0x000000b90b800000,0x000000b90b900000] [id=9404]
  0x0000023735e77f30 WatcherThread [stack: 0x000000b90c400000,0x000000b90c500000] [id=13688]
  0x0000023735ed0590 GCTaskThread "GC Thread#0" [stack: 0x000000b90b300000,0x000000b90b400000] [id=13324]
  0x0000023753bffae0 GCTaskThread "GC Thread#1" [stack: 0x000000b90c500000,0x000000b90c600000] [id=3872]
  0x0000023753c05360 GCTaskThread "GC Thread#2" [stack: 0x000000b90c600000,0x000000b90c700000] [id=3968]
  0x0000023753c05620 GCTaskThread "GC Thread#3" [stack: 0x000000b90c700000,0x000000b90c800000] [id=12312]
  0x0000023735ee1290 ConcurrentGCThread "G1 Main Marker" [stack: 0x000000b90b400000,0x000000b90b500000] [id=9936]
  0x0000023735ee21f0 ConcurrentGCThread "G1 Conc#0" [stack: 0x000000b90b500000,0x000000b90b600000] [id=4968]
  0x00000237536b40e0 ConcurrentGCThread "G1 Refine#0" [stack: 0x000000b90b600000,0x000000b90b700000] [id=13880]
  0x00000237536b48c0 ConcurrentGCThread "G1 Service" [stack: 0x000000b90b700000,0x000000b90b800000] [id=13028]

Threads with active compile tasks:
C2 CompilerThread1     3602 2392   !   4       java.lang.ClassLoader::loadClass (121 bytes)

VM state: not at safepoint (normal execution)

VM Mutex/Monitor currently owned by a thread: None

Heap address: 0x0000000080000000, size: 2048 MB, Compressed Oops mode: 32-bit

CDS archive(s) mapped at: [0x0000023754000000-0x0000023754bd0000-0x0000023754bd0000), size 12386304, SharedBaseAddress: 0x0000023754000000, ArchiveRelocationMode: 1.
Compressed class space mapped at: 0x0000023755000000-0x0000023795000000, reserved size: 1073741824
Narrow klass base: 0x0000023754000000, Narrow klass shift: 0, Narrow klass range: 0x100000000

GC Precious Log:
 CPUs: 4 total, 4 available
 Memory: 12161M
 Large Page Support: Disabled
 NUMA Support: Disabled
 Compressed Oops: Enabled (32-bit)
 Heap Region Size: 1M
 Heap Min Capacity: 8M
 Heap Initial Capacity: 192M
 Heap Max Capacity: 2G
 Pre-touch: Disabled
 Parallel Workers: 4
 Concurrent Workers: 1
 Concurrent Refinement Workers: 4
 Periodic GC: Disabled

Heap:
 garbage-first heap   total 196608K, used 41080K [0x0000000080000000, 0x0000000100000000)
  region size 1024K, 34 young (34816K), 12 survivors (12288K)
 Metaspace       used 16059K, committed 16384K, reserved 1114112K
  class space    used 2242K, committed 2368K, reserved 1048576K

Heap Regions: E=young(eden), S=young(survivor), O=old, HS=humongous(starts), HC=humongous(continues), CS=collection set, F=free, OA=open archive, CA=closed archive, TAMS=top-at-mark-start (previous, next)
|   0|0x0000000080000000, 0x0000000080100000, 0x0000000080100000|100%|HS|  |TAMS 0x0000000080000000, 0x0000000080000000| Complete 
|   1|0x0000000080100000, 0x0000000080200000, 0x0000000080200000|100%|HC|  |TAMS 0x0000000080100000, 0x0000000080100000| Complete 
|   2|0x0000000080200000, 0x0000000080300000, 0x0000000080300000|100%|HC|  |TAMS 0x0000000080200000, 0x0000000080200000| Complete 
|   3|0x0000000080300000, 0x0000000080400000, 0x0000000080400000|100%| O|  |TAMS 0x0000000080300000, 0x0000000080300000| Untracked 
|   4|0x0000000080400000, 0x0000000080500000, 0x0000000080500000|100%| O|  |TAMS 0x0000000080400000, 0x0000000080400000| Untracked 
|   5|0x0000000080500000, 0x0000000080600000, 0x0000000080600000|100%| O|  |TAMS 0x0000000080500000, 0x0000000080500000| Untracked 
|   6|0x0000000080600000, 0x0000000080646600, 0x0000000080700000| 27%| O|  |TAMS 0x0000000080600000, 0x0000000080600000| Untracked 
|   7|0x0000000080700000, 0x0000000080800000, 0x0000000080800000|100%|HS|  |TAMS 0x0000000080700000, 0x0000000080700000| Complete 
|   8|0x0000000080800000, 0x0000000080800000, 0x0000000080900000|  0%| F|  |TAMS 0x0000000080800000, 0x0000000080800000| Untracked 
|   9|0x0000000080900000, 0x0000000080900000, 0x0000000080a00000|  0%| F|  |TAMS 0x0000000080900000, 0x0000000080900000| Untracked 
|  10|0x0000000080a00000, 0x0000000080a00000, 0x0000000080b00000|  0%| F|  |TAMS 0x0000000080a00000, 0x0000000080a00000| Untracked 
|  11|0x0000000080b00000, 0x0000000080b00000, 0x0000000080c00000|  0%| F|  |TAMS 0x0000000080b00000, 0x0000000080b00000| Untracked 
|  12|0x0000000080c00000, 0x0000000080c00000, 0x0000000080d00000|  0%| F|  |TAMS 0x0000000080c00000, 0x0000000080c00000| Untracked 
|  13|0x0000000080d00000, 0x0000000080d00000, 0x0000000080e00000|  0%| F|  |TAMS 0x0000000080d00000, 0x0000000080d00000| Untracked 
|  14|0x0000000080e00000, 0x0000000080e00000, 0x0000000080f00000|  0%| F|  |TAMS 0x0000000080e00000, 0x0000000080e00000| Untracked 
|  15|0x0000000080f00000, 0x0000000080f00000, 0x0000000081000000|  0%| F|  |TAMS 0x0000000080f00000, 0x0000000080f00000| Untracked 
|  16|0x0000000081000000, 0x0000000081000000, 0x0000000081100000|  0%| F|  |TAMS 0x0000000081000000, 0x0000000081000000| Untracked 
|  17|0x0000000081100000, 0x0000000081100000, 0x0000000081200000|  0%| F|  |TAMS 0x0000000081100000, 0x0000000081100000| Untracked 
|  18|0x0000000081200000, 0x0000000081200000, 0x0000000081300000|  0%| F|  |TAMS 0x0000000081200000, 0x0000000081200000| Untracked 
|  19|0x0000000081300000, 0x0000000081300000, 0x0000000081400000|  0%| F|  |TAMS 0x0000000081300000, 0x0000000081300000| Untracked 
|  20|0x0000000081400000, 0x0000000081400000, 0x0000000081500000|  0%| F|  |TAMS 0x0000000081400000, 0x0000000081400000| Untracked 
|  21|0x0000000081500000, 0x0000000081500000, 0x0000000081600000|  0%| F|  |TAMS 0x0000000081500000, 0x0000000081500000| Untracked 
|  22|0x0000000081600000, 0x0000000081600000, 0x0000000081700000|  0%| F|  |TAMS 0x0000000081600000, 0x0000000081600000| Untracked 
|  23|0x0000000081700000, 0x0000000081700000, 0x0000000081800000|  0%| F|  |TAMS 0x0000000081700000, 0x0000000081700000| Untracked 
|  24|0x0000000081800000, 0x0000000081800000, 0x0000000081900000|  0%| F|  |TAMS 0x0000000081800000, 0x0000000081800000| Untracked 
|  25|0x0000000081900000, 0x0000000081900000, 0x0000000081a00000|  0%| F|  |TAMS 0x0000000081900000, 0x0000000081900000| Untracked 
|  26|0x0000000081a00000, 0x0000000081a00000, 0x0000000081b00000|  0%| F|  |TAMS 0x0000000081a00000, 0x0000000081a00000| Untracked 
|  27|0x0000000081b00000, 0x0000000081b00000, 0x0000000081c00000|  0%| F|  |TAMS 0x0000000081b00000, 0x0000000081b00000| Untracked 
|  28|0x0000000081c00000, 0x0000000081c00000, 0x0000000081d00000|  0%| F|  |TAMS 0x0000000081c00000, 0x0000000081c00000| Untracked 
|  29|0x0000000081d00000, 0x0000000081d00000, 0x0000000081e00000|  0%| F|  |TAMS 0x0000000081d00000, 0x0000000081d00000| Untracked 
|  30|0x0000000081e00000, 0x0000000081e00000, 0x0000000081f00000|  0%| F|  |TAMS 0x0000000081e00000, 0x0000000081e00000| Untracked 
|  31|0x0000000081f00000, 0x0000000081f00000, 0x0000000082000000|  0%| F|  |TAMS 0x0000000081f00000, 0x0000000081f00000| Untracked 
|  32|0x0000000082000000, 0x0000000082000000, 0x0000000082100000|  0%| F|  |TAMS 0x0000000082000000, 0x0000000082000000| Untracked 
|  33|0x0000000082100000, 0x0000000082100000, 0x0000000082200000|  0%| F|  |TAMS 0x0000000082100000, 0x0000000082100000| Untracked 
|  34|0x0000000082200000, 0x0000000082200000, 0x0000000082300000|  0%| F|  |TAMS 0x0000000082200000, 0x0000000082200000| Untracked 
|  35|0x0000000082300000, 0x0000000082300000, 0x0000000082400000|  0%| F|  |TAMS 0x0000000082300000, 0x0000000082300000| Untracked 
|  36|0x0000000082400000, 0x0000000082400000, 0x0000000082500000|  0%| F|  |TAMS 0x0000000082400000, 0x0000000082400000| Untracked 
|  37|0x0000000082500000, 0x0000000082500000, 0x0000000082600000|  0%| F|  |TAMS 0x0000000082500000, 0x0000000082500000| Untracked 
|  38|0x0000000082600000, 0x0000000082600000, 0x0000000082700000|  0%| F|  |TAMS 0x0000000082600000, 0x0000000082600000| Untracked 
|  39|0x0000000082700000, 0x0000000082700000, 0x0000000082800000|  0%| F|  |TAMS 0x0000000082700000, 0x0000000082700000| Untracked 
|  40|0x0000000082800000, 0x0000000082800000, 0x0000000082900000|  0%| F|  |TAMS 0x0000000082800000, 0x0000000082800000| Untracked 
|  41|0x0000000082900000, 0x0000000082900000, 0x0000000082a00000|  0%| F|  |TAMS 0x0000000082900000, 0x0000000082900000| Untracked 
|  42|0x0000000082a00000, 0x0000000082a00000, 0x0000000082b00000|  0%| F|  |TAMS 0x0000000082a00000, 0x0000000082a00000| Untracked 
|  43|0x0000000082b00000, 0x0000000082b00000, 0x0000000082c00000|  0%| F|  |TAMS 0x0000000082b00000, 0x0000000082b00000| Untracked 
|  44|0x0000000082c00000, 0x0000000082c00000, 0x0000000082d00000|  0%| F|  |TAMS 0x0000000082c00000, 0x0000000082c00000| Untracked 
|  45|0x0000000082d00000, 0x0000000082d00000, 0x0000000082e00000|  0%| F|  |TAMS 0x0000000082d00000, 0x0000000082d00000| Untracked 
|  46|0x0000000082e00000, 0x0000000082e00000, 0x0000000082f00000|  0%| F|  |TAMS 0x0000000082e00000, 0x0000000082e00000| Untracked 
|  47|0x0000000082f00000, 0x0000000082f00000, 0x0000000083000000|  0%| F|  |TAMS 0x0000000082f00000, 0x0000000082f00000| Untracked 
|  48|0x0000000083000000, 0x0000000083000000, 0x0000000083100000|  0%| F|  |TAMS 0x0000000083000000, 0x0000000083000000| Untracked 
|  49|0x0000000083100000, 0x0000000083100000, 0x0000000083200000|  0%| F|  |TAMS 0x0000000083100000, 0x0000000083100000| Untracked 
|  50|0x0000000083200000, 0x0000000083200000, 0x0000000083300000|  0%| F|  |TAMS 0x0000000083200000, 0x0000000083200000| Untracked 
|  51|0x0000000083300000, 0x0000000083300000, 0x0000000083400000|  0%| F|  |TAMS 0x0000000083300000, 0x0000000083300000| Untracked 
|  52|0x0000000083400000, 0x0000000083400000, 0x0000000083500000|  0%| F|  |TAMS 0x0000000083400000, 0x0000000083400000| Untracked 
|  53|0x0000000083500000, 0x0000000083500000, 0x0000000083600000|  0%| F|  |TAMS 0x0000000083500000, 0x0000000083500000| Untracked 
|  54|0x0000000083600000, 0x0000000083600000, 0x0000000083700000|  0%| F|  |TAMS 0x0000000083600000, 0x0000000083600000| Untracked 
|  55|0x0000000083700000, 0x0000000083700000, 0x0000000083800000|  0%| F|  |TAMS 0x0000000083700000, 0x0000000083700000| Untracked 
|  56|0x0000000083800000, 0x0000000083800000, 0x0000000083900000|  0%| F|  |TAMS 0x0000000083800000, 0x0000000083800000| Untracked 
|  57|0x0000000083900000, 0x0000000083900000, 0x0000000083a00000|  0%| F|  |TAMS 0x0000000083900000, 0x0000000083900000| Untracked 
|  58|0x0000000083a00000, 0x0000000083a00000, 0x0000000083b00000|  0%| F|  |TAMS 0x0000000083a00000, 0x0000000083a00000| Untracked 
|  59|0x0000000083b00000, 0x0000000083b00000, 0x0000000083c00000|  0%| F|  |TAMS 0x0000000083b00000, 0x0000000083b00000| Untracked 
|  60|0x0000000083c00000, 0x0000000083c00000, 0x0000000083d00000|  0%| F|  |TAMS 0x0000000083c00000, 0x0000000083c00000| Untracked 
|  61|0x0000000083d00000, 0x0000000083d00000, 0x0000000083e00000|  0%| F|  |TAMS 0x0000000083d00000, 0x0000000083d00000| Untracked 
|  62|0x0000000083e00000, 0x0000000083e00000, 0x0000000083f00000|  0%| F|  |TAMS 0x0000000083e00000, 0x0000000083e00000| Untracked 
|  63|0x0000000083f00000, 0x0000000083f00000, 0x0000000084000000|  0%| F|  |TAMS 0x0000000083f00000, 0x0000000083f00000| Untracked 
|  64|0x0000000084000000, 0x0000000084000000, 0x0000000084100000|  0%| F|  |TAMS 0x0000000084000000, 0x0000000084000000| Untracked 
|  65|0x0000000084100000, 0x00000000841d7b20, 0x0000000084200000| 84%| S|CS|TAMS 0x0000000084100000, 0x0000000084100000| Complete 
|  66|0x0000000084200000, 0x0000000084300000, 0x0000000084300000|100%| S|CS|TAMS 0x0000000084200000, 0x0000000084200000| Complete 
|  67|0x0000000084300000, 0x0000000084400000, 0x0000000084400000|100%| S|CS|TAMS 0x0000000084300000, 0x0000000084300000| Complete 
|  68|0x0000000084400000, 0x0000000084500000, 0x0000000084500000|100%| S|CS|TAMS 0x0000000084400000, 0x0000000084400000| Complete 
|  69|0x0000000084500000, 0x0000000084600000, 0x0000000084600000|100%| S|CS|TAMS 0x0000000084500000, 0x0000000084500000| Complete 
|  70|0x0000000084600000, 0x0000000084700000, 0x0000000084700000|100%| S|CS|TAMS 0x0000000084600000, 0x0000000084600000| Complete 
|  71|0x0000000084700000, 0x0000000084800000, 0x0000000084800000|100%| S|CS|TAMS 0x0000000084700000, 0x0000000084700000| Complete 
|  72|0x0000000084800000, 0x0000000084900000, 0x0000000084900000|100%| S|CS|TAMS 0x0000000084800000, 0x0000000084800000| Complete 
|  73|0x0000000084900000, 0x0000000084a00000, 0x0000000084a00000|100%| S|CS|TAMS 0x0000000084900000, 0x0000000084900000| Complete 
|  74|0x0000000084a00000, 0x0000000084b00000, 0x0000000084b00000|100%| S|CS|TAMS 0x0000000084a00000, 0x0000000084a00000| Complete 
|  75|0x0000000084b00000, 0x0000000084c00000, 0x0000000084c00000|100%| S|CS|TAMS 0x0000000084b00000, 0x0000000084b00000| Complete 
|  76|0x0000000084c00000, 0x0000000084d00000, 0x0000000084d00000|100%| S|CS|TAMS 0x0000000084c00000, 0x0000000084c00000| Complete 
|  77|0x0000000084d00000, 0x0000000084d00000, 0x0000000084e00000|  0%| F|  |TAMS 0x0000000084d00000, 0x0000000084d00000| Untracked 
|  78|0x0000000084e00000, 0x0000000084e00000, 0x0000000084f00000|  0%| F|  |TAMS 0x0000000084e00000, 0x0000000084e00000| Untracked 
|  79|0x0000000084f00000, 0x0000000084f00000, 0x0000000085000000|  0%| F|  |TAMS 0x0000000084f00000, 0x0000000084f00000| Untracked 
|  80|0x0000000085000000, 0x0000000085000000, 0x0000000085100000|  0%| F|  |TAMS 0x0000000085000000, 0x0000000085000000| Untracked 
|  81|0x0000000085100000, 0x0000000085100000, 0x0000000085200000|  0%| F|  |TAMS 0x0000000085100000, 0x0000000085100000| Untracked 
|  82|0x0000000085200000, 0x0000000085200000, 0x0000000085300000|  0%| F|  |TAMS 0x0000000085200000, 0x0000000085200000| Untracked 
|  83|0x0000000085300000, 0x0000000085300000, 0x0000000085400000|  0%| F|  |TAMS 0x0000000085300000, 0x0000000085300000| Untracked 
|  84|0x0000000085400000, 0x0000000085400000, 0x0000000085500000|  0%| F|  |TAMS 0x0000000085400000, 0x0000000085400000| Untracked 
|  85|0x0000000085500000, 0x0000000085500000, 0x0000000085600000|  0%| F|  |TAMS 0x0000000085500000, 0x0000000085500000| Untracked 
|  86|0x0000000085600000, 0x0000000085600000, 0x0000000085700000|  0%| F|  |TAMS 0x0000000085600000, 0x0000000085600000| Untracked 
|  87|0x0000000085700000, 0x0000000085700000, 0x0000000085800000|  0%| F|  |TAMS 0x0000000085700000, 0x0000000085700000| Untracked 
|  88|0x0000000085800000, 0x0000000085800000, 0x0000000085900000|  0%| F|  |TAMS 0x0000000085800000, 0x0000000085800000| Untracked 
|  89|0x0000000085900000, 0x0000000085900000, 0x0000000085a00000|  0%| F|  |TAMS 0x0000000085900000, 0x0000000085900000| Untracked 
|  90|0x0000000085a00000, 0x0000000085a00000, 0x0000000085b00000|  0%| F|  |TAMS 0x0000000085a00000, 0x0000000085a00000| Untracked 
|  91|0x0000000085b00000, 0x0000000085b00000, 0x0000000085c00000|  0%| F|  |TAMS 0x0000000085b00000, 0x0000000085b00000| Untracked 
|  92|0x0000000085c00000, 0x0000000085c00000, 0x0000000085d00000|  0%| F|  |TAMS 0x0000000085c00000, 0x0000000085c00000| Untracked 
|  93|0x0000000085d00000, 0x0000000085d00000, 0x0000000085e00000|  0%| F|  |TAMS 0x0000000085d00000, 0x0000000085d00000| Untracked 
|  94|0x0000000085e00000, 0x0000000085e00000, 0x0000000085f00000|  0%| F|  |TAMS 0x0000000085e00000, 0x0000000085e00000| Untracked 
|  95|0x0000000085f00000, 0x0000000085f00000, 0x0000000086000000|  0%| F|  |TAMS 0x0000000085f00000, 0x0000000085f00000| Untracked 
|  96|0x0000000086000000, 0x0000000086000000, 0x0000000086100000|  0%| F|  |TAMS 0x0000000086000000, 0x0000000086000000| Untracked 
|  97|0x0000000086100000, 0x0000000086100000, 0x0000000086200000|  0%| F|  |TAMS 0x0000000086100000, 0x0000000086100000| Untracked 
|  98|0x0000000086200000, 0x0000000086200000, 0x0000000086300000|  0%| F|  |TAMS 0x0000000086200000, 0x0000000086200000| Untracked 
|  99|0x0000000086300000, 0x0000000086300000, 0x0000000086400000|  0%| F|  |TAMS 0x0000000086300000, 0x0000000086300000| Untracked 
| 100|0x0000000086400000, 0x0000000086400000, 0x0000000086500000|  0%| F|  |TAMS 0x0000000086400000, 0x0000000086400000| Untracked 
| 101|0x0000000086500000, 0x0000000086500000, 0x0000000086600000|  0%| F|  |TAMS 0x0000000086500000, 0x0000000086500000| Untracked 
| 102|0x0000000086600000, 0x0000000086600000, 0x0000000086700000|  0%| F|  |TAMS 0x0000000086600000, 0x0000000086600000| Untracked 
| 103|0x0000000086700000, 0x0000000086700000, 0x0000000086800000|  0%| F|  |TAMS 0x0000000086700000, 0x0000000086700000| Untracked 
| 104|0x0000000086800000, 0x0000000086800000, 0x0000000086900000|  0%| F|  |TAMS 0x0000000086800000, 0x0000000086800000| Untracked 
| 105|0x0000000086900000, 0x0000000086900000, 0x0000000086a00000|  0%| F|  |TAMS 0x0000000086900000, 0x0000000086900000| Untracked 
| 106|0x0000000086a00000, 0x0000000086a00000, 0x0000000086b00000|  0%| F|  |TAMS 0x0000000086a00000, 0x0000000086a00000| Untracked 
| 107|0x0000000086b00000, 0x0000000086b00000, 0x0000000086c00000|  0%| F|  |TAMS 0x0000000086b00000, 0x0000000086b00000| Untracked 
| 108|0x0000000086c00000, 0x0000000086c00000, 0x0000000086d00000|  0%| F|  |TAMS 0x0000000086c00000, 0x0000000086c00000| Untracked 
| 109|0x0000000086d00000, 0x0000000086d00000, 0x0000000086e00000|  0%| F|  |TAMS 0x0000000086d00000, 0x0000000086d00000| Untracked 
| 110|0x0000000086e00000, 0x0000000086e00000, 0x0000000086f00000|  0%| F|  |TAMS 0x0000000086e00000, 0x0000000086e00000| Untracked 
| 111|0x0000000086f00000, 0x0000000086f00000, 0x0000000087000000|  0%| F|  |TAMS 0x0000000086f00000, 0x0000000086f00000| Untracked 
| 112|0x0000000087000000, 0x0000000087000000, 0x0000000087100000|  0%| F|  |TAMS 0x0000000087000000, 0x0000000087000000| Untracked 
| 113|0x0000000087100000, 0x0000000087100000, 0x0000000087200000|  0%| F|  |TAMS 0x0000000087100000, 0x0000000087100000| Untracked 
| 114|0x0000000087200000, 0x0000000087200000, 0x0000000087300000|  0%| F|  |TAMS 0x0000000087200000, 0x0000000087200000| Untracked 
| 115|0x0000000087300000, 0x0000000087300000, 0x0000000087400000|  0%| F|  |TAMS 0x0000000087300000, 0x0000000087300000| Untracked 
| 116|0x0000000087400000, 0x0000000087400000, 0x0000000087500000|  0%| F|  |TAMS 0x0000000087400000, 0x0000000087400000| Untracked 
| 117|0x0000000087500000, 0x0000000087500000, 0x0000000087600000|  0%| F|  |TAMS 0x0000000087500000, 0x0000000087500000| Untracked 
| 118|0x0000000087600000, 0x0000000087600000, 0x0000000087700000|  0%| F|  |TAMS 0x0000000087600000, 0x0000000087600000| Untracked 
| 119|0x0000000087700000, 0x0000000087700000, 0x0000000087800000|  0%| F|  |TAMS 0x0000000087700000, 0x0000000087700000| Untracked 
| 120|0x0000000087800000, 0x0000000087800000, 0x0000000087900000|  0%| F|  |TAMS 0x0000000087800000, 0x0000000087800000| Untracked 
| 121|0x0000000087900000, 0x0000000087900000, 0x0000000087a00000|  0%| F|  |TAMS 0x0000000087900000, 0x0000000087900000| Untracked 
| 122|0x0000000087a00000, 0x0000000087a00000, 0x0000000087b00000|  0%| F|  |TAMS 0x0000000087a00000, 0x0000000087a00000| Untracked 
| 123|0x0000000087b00000, 0x0000000087b00000, 0x0000000087c00000|  0%| F|  |TAMS 0x0000000087b00000, 0x0000000087b00000| Untracked 
| 124|0x0000000087c00000, 0x0000000087c00000, 0x0000000087d00000|  0%| F|  |TAMS 0x0000000087c00000, 0x0000000087c00000| Untracked 
| 125|0x0000000087d00000, 0x0000000087d00000, 0x0000000087e00000|  0%| F|  |TAMS 0x0000000087d00000, 0x0000000087d00000| Untracked 
| 126|0x0000000087e00000, 0x0000000087e00000, 0x0000000087f00000|  0%| F|  |TAMS 0x0000000087e00000, 0x0000000087e00000| Untracked 
| 127|0x0000000087f00000, 0x0000000087f00000, 0x0000000088000000|  0%| F|  |TAMS 0x0000000087f00000, 0x0000000087f00000| Untracked 
| 128|0x0000000088000000, 0x0000000088000000, 0x0000000088100000|  0%| F|  |TAMS 0x0000000088000000, 0x0000000088000000| Untracked 
| 129|0x0000000088100000, 0x0000000088100000, 0x0000000088200000|  0%| F|  |TAMS 0x0000000088100000, 0x0000000088100000| Untracked 
| 130|0x0000000088200000, 0x0000000088200000, 0x0000000088300000|  0%| F|  |TAMS 0x0000000088200000, 0x0000000088200000| Untracked 
| 131|0x0000000088300000, 0x0000000088300000, 0x0000000088400000|  0%| F|  |TAMS 0x0000000088300000, 0x0000000088300000| Untracked 
| 132|0x0000000088400000, 0x0000000088400000, 0x0000000088500000|  0%| F|  |TAMS 0x0000000088400000, 0x0000000088400000| Untracked 
| 133|0x0000000088500000, 0x0000000088500000, 0x0000000088600000|  0%| F|  |TAMS 0x0000000088500000, 0x0000000088500000| Untracked 
| 134|0x0000000088600000, 0x0000000088600000, 0x0000000088700000|  0%| F|  |TAMS 0x0000000088600000, 0x0000000088600000| Untracked 
| 135|0x0000000088700000, 0x0000000088700000, 0x0000000088800000|  0%| F|  |TAMS 0x0000000088700000, 0x0000000088700000| Untracked 
| 136|0x0000000088800000, 0x0000000088800000, 0x0000000088900000|  0%| F|  |TAMS 0x0000000088800000, 0x0000000088800000| Untracked 
| 137|0x0000000088900000, 0x0000000088900000, 0x0000000088a00000|  0%| F|  |TAMS 0x0000000088900000, 0x0000000088900000| Untracked 
| 138|0x0000000088a00000, 0x0000000088a00000, 0x0000000088b00000|  0%| F|  |TAMS 0x0000000088a00000, 0x0000000088a00000| Untracked 
| 139|0x0000000088b00000, 0x0000000088b00000, 0x0000000088c00000|  0%| F|  |TAMS 0x0000000088b00000, 0x0000000088b00000| Untracked 
| 140|0x0000000088c00000, 0x0000000088c00000, 0x0000000088d00000|  0%| F|  |TAMS 0x0000000088c00000, 0x0000000088c00000| Untracked 
| 141|0x0000000088d00000, 0x0000000088d00000, 0x0000000088e00000|  0%| F|  |TAMS 0x0000000088d00000, 0x0000000088d00000| Untracked 
| 142|0x0000000088e00000, 0x0000000088e00000, 0x0000000088f00000|  0%| F|  |TAMS 0x0000000088e00000, 0x0000000088e00000| Untracked 
| 143|0x0000000088f00000, 0x0000000088f00000, 0x0000000089000000|  0%| F|  |TAMS 0x0000000088f00000, 0x0000000088f00000| Untracked 
| 144|0x0000000089000000, 0x0000000089000000, 0x0000000089100000|  0%| F|  |TAMS 0x0000000089000000, 0x0000000089000000| Untracked 
| 145|0x0000000089100000, 0x0000000089100000, 0x0000000089200000|  0%| F|  |TAMS 0x0000000089100000, 0x0000000089100000| Untracked 
| 146|0x0000000089200000, 0x0000000089200000, 0x0000000089300000|  0%| F|  |TAMS 0x0000000089200000, 0x0000000089200000| Untracked 
| 147|0x0000000089300000, 0x0000000089300000, 0x0000000089400000|  0%| F|  |TAMS 0x0000000089300000, 0x0000000089300000| Untracked 
| 148|0x0000000089400000, 0x0000000089400000, 0x0000000089500000|  0%| F|  |TAMS 0x0000000089400000, 0x0000000089400000| Untracked 
| 149|0x0000000089500000, 0x0000000089500000, 0x0000000089600000|  0%| F|  |TAMS 0x0000000089500000, 0x0000000089500000| Untracked 
| 150|0x0000000089600000, 0x0000000089600000, 0x0000000089700000|  0%| F|  |TAMS 0x0000000089600000, 0x0000000089600000| Untracked 
| 151|0x0000000089700000, 0x0000000089700000, 0x0000000089800000|  0%| F|  |TAMS 0x0000000089700000, 0x0000000089700000| Untracked 
| 152|0x0000000089800000, 0x0000000089800000, 0x0000000089900000|  0%| F|  |TAMS 0x0000000089800000, 0x0000000089800000| Untracked 
| 153|0x0000000089900000, 0x0000000089900000, 0x0000000089a00000|  0%| F|  |TAMS 0x0000000089900000, 0x0000000089900000| Untracked 
| 154|0x0000000089a00000, 0x0000000089a00000, 0x0000000089b00000|  0%| F|  |TAMS 0x0000000089a00000, 0x0000000089a00000| Untracked 
| 155|0x0000000089b00000, 0x0000000089b00000, 0x0000000089c00000|  0%| F|  |TAMS 0x0000000089b00000, 0x0000000089b00000| Untracked 
| 156|0x0000000089c00000, 0x0000000089c00000, 0x0000000089d00000|  0%| F|  |TAMS 0x0000000089c00000, 0x0000000089c00000| Untracked 
| 157|0x0000000089d00000, 0x0000000089d00000, 0x0000000089e00000|  0%| F|  |TAMS 0x0000000089d00000, 0x0000000089d00000| Untracked 
| 158|0x0000000089e00000, 0x0000000089e00000, 0x0000000089f00000|  0%| F|  |TAMS 0x0000000089e00000, 0x0000000089e00000| Untracked 
| 159|0x0000000089f00000, 0x0000000089f00000, 0x000000008a000000|  0%| F|  |TAMS 0x0000000089f00000, 0x0000000089f00000| Untracked 
| 160|0x000000008a000000, 0x000000008a000000, 0x000000008a100000|  0%| F|  |TAMS 0x000000008a000000, 0x000000008a000000| Untracked 
| 161|0x000000008a100000, 0x000000008a100000, 0x000000008a200000|  0%| F|  |TAMS 0x000000008a100000, 0x000000008a100000| Untracked 
| 162|0x000000008a200000, 0x000000008a200000, 0x000000008a300000|  0%| F|  |TAMS 0x000000008a200000, 0x000000008a200000| Untracked 
| 163|0x000000008a300000, 0x000000008a300000, 0x000000008a400000|  0%| F|  |TAMS 0x000000008a300000, 0x000000008a300000| Untracked 
| 164|0x000000008a400000, 0x000000008a400000, 0x000000008a500000|  0%| F|  |TAMS 0x000000008a400000, 0x000000008a400000| Untracked 
| 165|0x000000008a500000, 0x000000008a500000, 0x000000008a600000|  0%| F|  |TAMS 0x000000008a500000, 0x000000008a500000| Untracked 
| 166|0x000000008a600000, 0x000000008a600000, 0x000000008a700000|  0%| F|  |TAMS 0x000000008a600000, 0x000000008a600000| Untracked 
| 167|0x000000008a700000, 0x000000008a700000, 0x000000008a800000|  0%| F|  |TAMS 0x000000008a700000, 0x000000008a700000| Untracked 
| 168|0x000000008a800000, 0x000000008a800000, 0x000000008a900000|  0%| F|  |TAMS 0x000000008a800000, 0x000000008a800000| Untracked 
| 169|0x000000008a900000, 0x000000008a900000, 0x000000008aa00000|  0%| F|  |TAMS 0x000000008a900000, 0x000000008a900000| Untracked 
| 170|0x000000008aa00000, 0x000000008aab8470, 0x000000008ab00000| 71%| E|  |TAMS 0x000000008aa00000, 0x000000008aa00000| Complete 
| 171|0x000000008ab00000, 0x000000008ac00000, 0x000000008ac00000|100%| E|CS|TAMS 0x000000008ab00000, 0x000000008ab00000| Complete 
| 172|0x000000008ac00000, 0x000000008ad00000, 0x000000008ad00000|100%| E|CS|TAMS 0x000000008ac00000, 0x000000008ac00000| Complete 
| 173|0x000000008ad00000, 0x000000008ae00000, 0x000000008ae00000|100%| E|CS|TAMS 0x000000008ad00000, 0x000000008ad00000| Complete 
| 174|0x000000008ae00000, 0x000000008af00000, 0x000000008af00000|100%| E|CS|TAMS 0x000000008ae00000, 0x000000008ae00000| Complete 
| 175|0x000000008af00000, 0x000000008b000000, 0x000000008b000000|100%| E|CS|TAMS 0x000000008af00000, 0x000000008af00000| Complete 
| 176|0x000000008b000000, 0x000000008b100000, 0x000000008b100000|100%| E|CS|TAMS 0x000000008b000000, 0x000000008b000000| Complete 
| 177|0x000000008b100000, 0x000000008b200000, 0x000000008b200000|100%| E|CS|TAMS 0x000000008b100000, 0x000000008b100000| Complete 
| 178|0x000000008b200000, 0x000000008b300000, 0x000000008b300000|100%| E|CS|TAMS 0x000000008b200000, 0x000000008b200000| Complete 
| 179|0x000000008b300000, 0x000000008b400000, 0x000000008b400000|100%| E|CS|TAMS 0x000000008b300000, 0x000000008b300000| Complete 
| 180|0x000000008b400000, 0x000000008b500000, 0x000000008b500000|100%| E|CS|TAMS 0x000000008b400000, 0x000000008b400000| Complete 
| 181|0x000000008b500000, 0x000000008b600000, 0x000000008b600000|100%| E|CS|TAMS 0x000000008b500000, 0x000000008b500000| Complete 
| 182|0x000000008b600000, 0x000000008b700000, 0x000000008b700000|100%| E|CS|TAMS 0x000000008b600000, 0x000000008b600000| Complete 
| 183|0x000000008b700000, 0x000000008b800000, 0x000000008b800000|100%| E|CS|TAMS 0x000000008b700000, 0x000000008b700000| Complete 
| 184|0x000000008b800000, 0x000000008b900000, 0x000000008b900000|100%| E|CS|TAMS 0x000000008b800000, 0x000000008b800000| Complete 
| 185|0x000000008b900000, 0x000000008ba00000, 0x000000008ba00000|100%| E|CS|TAMS 0x000000008b900000, 0x000000008b900000| Complete 
| 186|0x000000008ba00000, 0x000000008bb00000, 0x000000008bb00000|100%| E|CS|TAMS 0x000000008ba00000, 0x000000008ba00000| Complete 
| 187|0x000000008bb00000, 0x000000008bc00000, 0x000000008bc00000|100%| E|CS|TAMS 0x000000008bb00000, 0x000000008bb00000| Complete 
| 188|0x000000008bc00000, 0x000000008bd00000, 0x000000008bd00000|100%| E|CS|TAMS 0x000000008bc00000, 0x000000008bc00000| Complete 
| 189|0x000000008bd00000, 0x000000008be00000, 0x000000008be00000|100%| E|CS|TAMS 0x000000008bd00000, 0x000000008bd00000| Complete 
| 190|0x000000008be00000, 0x000000008bf00000, 0x000000008bf00000|100%| E|CS|TAMS 0x000000008be00000, 0x000000008be00000| Complete 
| 191|0x000000008bf00000, 0x000000008c000000, 0x000000008c000000|100%| E|CS|TAMS 0x000000008bf00000, 0x000000008bf00000| Complete 

Card table byte_map: [0x000002374cb30000,0x000002374cf30000] _byte_map_base: 0x000002374c730000

Marking Bits (Prev, Next): (CMBitMap*) 0x0000023735ed0960, (CMBitMap*) 0x0000023735ed09a0
 Prev Bits: [0x000002374d330000, 0x000002374f330000)
 Next Bits: [0x000002374f330000, 0x0000023751330000)

Polling page: 0x0000023733e60000

Metaspace:

Usage:
  Non-class:     13.52 MB used.
      Class:      2.20 MB used.
       Both:     15.72 MB used.

Virtual space:
  Non-class space:       64.00 MB reserved,      13.69 MB ( 21%) committed,  1 nodes.
      Class space:        1.00 GB reserved,       2.31 MB ( <1%) committed,  1 nodes.
             Both:        1.06 GB reserved,      16.00 MB (  1%) committed. 

Chunk freelists:
   Non-Class:  2.08 MB
       Class:  13.69 MB
        Both:  15.77 MB

MaxMetaspaceSize: unlimited
CompressedClassSpaceSize: 1.00 GB
Initial GC threshold: 21.00 MB
Current GC threshold: 21.00 MB
CDS: on
MetaspaceReclaimPolicy: balanced
 - commit_granule_bytes: 65536.
 - commit_granule_words: 8192.
 - virtual_space_node_default_size: 8388608.
 - enlarge_chunks_in_place: 1.
 - new_chunks_are_fully_committed: 0.
 - uncommit_free_chunks: 1.
 - use_allocation_guard: 0.
 - handle_deallocations: 1.


Internal statistics:

num_allocs_failed_limit: 0.
num_arena_births: 186.
num_arena_deaths: 0.
num_vsnodes_births: 2.
num_vsnodes_deaths: 0.
num_space_committed: 256.
num_space_uncommitted: 0.
num_chunks_returned_to_freelist: 0.
num_chunks_taken_from_freelist: 693.
num_chunk_merges: 0.
num_chunk_splits: 470.
num_chunks_enlarged: 365.
num_inconsistent_stats: 0.

CodeHeap 'non-profiled nmethods': size=120000Kb used=1246Kb max_used=1246Kb free=118753Kb
 bounds [0x0000023745200000, 0x0000023745470000, 0x000002374c730000]
CodeHeap 'profiled nmethods': size=120000Kb used=5122Kb max_used=5122Kb free=114877Kb
 bounds [0x000002373d730000, 0x000002373dc40000, 0x0000023744c60000]
CodeHeap 'non-nmethods': size=5760Kb used=1223Kb max_used=1280Kb free=4536Kb
 bounds [0x0000023744c60000, 0x0000023744ed0000, 0x0000023745200000]
 total_blobs=2992 nmethods=2454 adapters=451
 compilation: enabled
              stopped_count=0, restarted_count=0
 full_count=0

Compilation events (20 events):
Event: 3.491 Thread 0x0000023753820510 2429       3       java.util.concurrent.atomic.AtomicInteger::incrementAndGet (14 bytes)
Event: 3.491 Thread 0x0000023753820510 nmethod 2429 0x000002373dc23a90 code [0x000002373dc23c20, 0x000002373dc23d38]
Event: 3.493 Thread 0x0000023753820510 2430       3       java.lang.invoke.InfoFromMemberName::getModifiers (8 bytes)
Event: 3.493 Thread 0x0000023753820510 nmethod 2430 0x000002373dc23e10 code [0x000002373dc23fa0, 0x000002373dc24118]
Event: 3.493 Thread 0x0000023753820510 2431       3       sun.security.provider.MD5::FF (33 bytes)
Event: 3.494 Thread 0x0000023753820510 nmethod 2431 0x000002373dc24210 code [0x000002373dc243a0, 0x000002373dc244b8]
Event: 3.494 Thread 0x0000023753820510 2433       3       sun.security.provider.MD5::HH (29 bytes)
Event: 3.494 Thread 0x0000023753820510 nmethod 2433 0x000002373dc24590 code [0x000002373dc24720, 0x000002373dc24838]
Event: 3.494 Thread 0x0000023753820510 2434       3       sun.security.provider.MD5::II (31 bytes)
Event: 3.494 Thread 0x0000023753820510 nmethod 2434 0x000002373dc24910 code [0x000002373dc24aa0, 0x000002373dc24bb8]
Event: 3.494 Thread 0x0000023753820510 2432       3       sun.security.provider.MD5::GG (33 bytes)
Event: 3.494 Thread 0x0000023753820510 nmethod 2432 0x000002373dc24c90 code [0x000002373dc24e20, 0x000002373dc24f38]
Event: 3.508 Thread 0x0000023753820510 2437       3       java.lang.reflect.Constructor::acquireConstructorAccessor (44 bytes)
Event: 3.508 Thread 0x0000023753820510 nmethod 2437 0x000002373dc25010 code [0x000002373dc25200, 0x000002373dc256f8]
Event: 3.523 Thread 0x0000023753820510 2439       3       java.lang.invoke.VarHandleReferences$FieldInstanceReadWrite::compareAndSet (48 bytes)
Event: 3.523 Thread 0x0000023753820510 nmethod 2439 0x000002373dc25890 code [0x000002373dc25b00, 0x000002373dc26588]
Event: 3.540 Thread 0x0000023753820510 2440   !   3       org.gradle.internal.service.DefaultServiceRegistry$ManagedObjectServiceProvider::getInstance (47 bytes)
Event: 3.540 Thread 0x0000023753820510 nmethod 2440 0x000002373dc26990 code [0x000002373dc26b60, 0x000002373dc27058]
Event: 3.541 Thread 0x000002375381f3b0 2441       4       java.lang.ref.Cleaner::register (25 bytes)
Event: 3.544 Thread 0x000002375381f3b0 nmethod 2441 0x0000023745336790 code [0x0000023745336920, 0x0000023745336b68]

GC Heap History (6 events):
Event: 0.312 GC heap before
{Heap before GC invocations=0 (full 0):
 garbage-first heap   total 196608K, used 13312K [0x0000000080000000, 0x0000000100000000)
  region size 1024K, 13 young (13312K), 0 survivors (0K)
 Metaspace       used 782K, committed 896K, reserved 1114112K
  class space    used 62K, committed 128K, reserved 1048576K
}
Event: 0.314 GC heap after
{Heap after GC invocations=1 (full 0):
 garbage-first heap   total 196608K, used 1252K [0x0000000080000000, 0x0000000100000000)
  region size 1024K, 2 young (2048K), 2 survivors (2048K)
 Metaspace       used 782K, committed 896K, reserved 1114112K
  class space    used 62K, committed 128K, reserved 1048576K
}
Event: 0.926 GC heap before
{Heap before GC invocations=1 (full 0):
 garbage-first heap   total 196608K, used 23780K [0x0000000080000000, 0x0000000100000000)
  region size 1024K, 21 young (21504K), 2 survivors (2048K)
 Metaspace       used 2709K, committed 2880K, reserved 1114112K
  class space    used 299K, committed 384K, reserved 1048576K
}
Event: 0.930 GC heap after
{Heap after GC invocations=2 (full 0):
 garbage-first heap   total 196608K, used 9497K [0x0000000080000000, 0x0000000100000000)
  region size 1024K, 3 young (3072K), 3 survivors (3072K)
 Metaspace       used 2709K, committed 2880K, reserved 1114112K
  class space    used 299K, committed 384K, reserved 1048576K
}
Event: 3.146 GC heap before
{Heap before GC invocations=2 (full 0):
 garbage-first heap   total 196608K, used 126233K [0x0000000080000000, 0x0000000100000000)
  region size 1024K, 115 young (117760K), 3 survivors (3072K)
 Metaspace       used 13141K, committed 13376K, reserved 1114112K
  class space    used 1794K, committed 1920K, reserved 1048576K
}
Event: 3.158 GC heap after
{Heap after GC invocations=3 (full 0):
 garbage-first heap   total 196608K, used 19576K [0x0000000080000000, 0x0000000100000000)
  region size 1024K, 12 young (12288K), 12 survivors (12288K)
 Metaspace       used 13141K, committed 13376K, reserved 1114112K
  class space    used 1794K, committed 1920K, reserved 1048576K
}

Deoptimization events (20 events):
Event: 3.329 Thread 0x000002379a7109b0 Uncommon trap: trap_request=0xffffff45 fr.pc=0x000002374521d69c relative=0x00000000000001dc
Event: 3.329 Thread 0x000002379a7109b0 Uncommon trap: reason=unstable_if action=reinterpret pc=0x000002374521d69c method=java.util.regex.Matcher.reset()Ljava/util/regex/Matcher; @ 47 c2
Event: 3.329 Thread 0x000002379a7109b0 DEOPT PACKING pc=0x000002374521d69c sp=0x000000b90cffa5a0
Event: 3.329 Thread 0x000002379a7109b0 DEOPT UNPACKING pc=0x0000023744cb239d sp=0x000000b90cffa528 mode 2
Event: 3.371 Thread 0x000002379a7109b0 Uncommon trap: trap_request=0xffffff45 fr.pc=0x00000237452f61c8 relative=0x00000000000000a8
Event: 3.371 Thread 0x000002379a7109b0 Uncommon trap: reason=unstable_if action=reinterpret pc=0x00000237452f61c8 method=jdk.internal.misc.Unsafe.convEndian(ZI)I @ 4 c2
Event: 3.371 Thread 0x000002379a7109b0 DEOPT PACKING pc=0x00000237452f61c8 sp=0x000000b90cffa990
Event: 3.371 Thread 0x000002379a7109b0 DEOPT UNPACKING pc=0x0000023744cb239d sp=0x000000b90cffa840 mode 2
Event: 3.372 Thread 0x000002379a7109b0 Uncommon trap: trap_request=0xffffff45 fr.pc=0x00000237452f5e74 relative=0x0000000000000074
Event: 3.372 Thread 0x000002379a7109b0 Uncommon trap: reason=unstable_if action=reinterpret pc=0x00000237452f5e74 method=jdk.internal.misc.Unsafe.convEndian(ZI)I @ 4 c2
Event: 3.372 Thread 0x000002379a7109b0 DEOPT PACKING pc=0x00000237452f5e74 sp=0x000000b90cffa910
Event: 3.372 Thread 0x000002379a7109b0 DEOPT UNPACKING pc=0x0000023744cb239d sp=0x000000b90cffa840 mode 2
Event: 3.408 Thread 0x000002379a7109b0 Uncommon trap: trap_request=0xffffff45 fr.pc=0x000002374521e788 relative=0x0000000000000a08
Event: 3.408 Thread 0x000002379a7109b0 Uncommon trap: reason=unstable_if action=reinterpret pc=0x000002374521e788 method=java.io.WinNTFileSystem.resolve(Ljava/lang/String;Ljava/lang/String;)Ljava/lang/String; @ 19 c2
Event: 3.408 Thread 0x000002379a7109b0 DEOPT PACKING pc=0x000002374521e788 sp=0x000000b90cffad90
Event: 3.408 Thread 0x000002379a7109b0 DEOPT UNPACKING pc=0x0000023744cb239d sp=0x000000b90cffad38 mode 2
Event: 3.410 Thread 0x000002379a7109b0 Uncommon trap: trap_request=0xffffff45 fr.pc=0x0000023745297f54 relative=0x0000000000000594
Event: 3.410 Thread 0x000002379a7109b0 Uncommon trap: reason=unstable_if action=reinterpret pc=0x0000023745297f54 method=java.io.File.getName()Ljava/lang/String; @ 16 c2
Event: 3.410 Thread 0x000002379a7109b0 DEOPT PACKING pc=0x0000023745297f54 sp=0x000000b90cffad40
Event: 3.410 Thread 0x000002379a7109b0 DEOPT UNPACKING pc=0x0000023744cb239d sp=0x000000b90cffad10 mode 2

Classes unloaded (0 events):
No events

Classes redefined (0 events):
No events

Internal exceptions (20 events):
Event: 2.470 Thread 0x0000023735e77460 Exception <a 'java/lang/NoSuchMethodError'{0x000000008650c610}: 'java.lang.Object java.lang.invoke.DirectMethodHandle$Holder.invokeStaticInit(java.lang.Object, java.lang.Object, int, int, int, int)'> (0x000000008650c610) 
thrown [s\open\src\hotspot\share\interpreter\linkResolver.cpp, line 759]
Event: 2.604 Thread 0x0000023735e77460 Exception <a 'java/lang/NoSuchMethodError'{0x00000000863031e0}: 'void java.lang.invoke.DirectMethodHandle$Holder.invokeStatic(java.lang.Object, java.lang.Object, java.lang.Object)'> (0x00000000863031e0) 
thrown [s\open\src\hotspot\share\interpreter\linkResolver.cpp, line 759]
Event: 2.631 Thread 0x0000023735e77460 Exception <a 'java/io/IOException'{0x0000000086222c50}> (0x0000000086222c50) 
thrown [s\open\src\hotspot\share\prims\jni.cpp, line 516]
Event: 2.635 Thread 0x0000023735e77460 Implicit null exception at 0x0000023745249b72 to 0x000002374524a0c0
Event: 2.642 Thread 0x0000023735e77460 Exception <a 'java/lang/NoSuchMethodError'{0x0000000086282b60}: 'java.lang.Object java.lang.invoke.DirectMethodHandle$Holder.newInvokeSpecial(java.lang.Object, java.lang.Object, java.lang.Object, java.lang.Object, java.lang.Object)'> (0x0000000086282b60) 
thrown [s\open\src\hotspot\share\interpreter\linkResolver.cpp, line 759]
Event: 2.815 Thread 0x000002379a7b0460 Exception <a 'java/lang/NoSuchMethodError'{0x0000000085ff6cb8}: 'void java.lang.invoke.DirectMethodHandle$Holder.invokeSpecial(java.lang.Object, java.lang.Object, java.lang.Object)'> (0x0000000085ff6cb8) 
thrown [s\open\src\hotspot\share\interpreter\linkResolver.cpp, line 759]
Event: 2.883 Thread 0x000002379a7109b0 Exception <a 'java/lang/NoSuchMethodError'{0x0000000085ae5298}: 'long java.lang.invoke.DirectMethodHandle$Holder.invokeInterface(java.lang.Object, java.lang.Object)'> (0x0000000085ae5298) 
thrown [s\open\src\hotspot\share\interpreter\linkResolver.cpp, line 759]
Event: 2.968 Thread 0x000002379a7109b0 Exception <a 'java/lang/NoSuchMethodError'{0x0000000085554c18}: 'void java.lang.invoke.DirectMethodHandle$Holder.invokeStatic(java.lang.Object, java.lang.Object)'> (0x0000000085554c18) 
thrown [s\open\src\hotspot\share\interpreter\linkResolver.cpp, line 759]
Event: 3.020 Thread 0x000002379a7109b0 Exception <a 'java/lang/NoSuchMethodError'{0x000000008536e508}: 'int java.lang.invoke.DirectMethodHandle$Holder.invokeVirtual(java.lang.Object, java.lang.Object, java.lang.Object)'> (0x000000008536e508) 
thrown [s\open\src\hotspot\share\interpreter\linkResolver.cpp, line 759]
Event: 3.062 Thread 0x000002379a7109b0 Exception <a 'java/lang/NoSuchMethodError'{0x00000000851fa068}: 'java.lang.Object java.lang.invoke.DirectMethodHandle$Holder.newInvokeSpecial(java.lang.Object, java.lang.Object, java.lang.Object, java.lang.Object, java.lang.Object, java.lang.Object)'> (0x00000000851fa068) 
thrown [s\open\src\hotspot\share\interpreter\linkResolver.cpp, line 759]
Event: 3.120 Thread 0x000002379a7109b0 Exception <a 'java/lang/NoSuchMethodError'{0x0000000084efd178}: 'void java.lang.invoke.DelegatingMethodHandle$Holder.reinvoke_L(java.lang.Object, java.lang.Object, java.lang.Object, java.lang.Object, java.lang.Object, java.lang.Object, java.lang.Object, java.lang.Object, java.lang.Object, java.lang.Object)'> (0x0000000084efd178) 
thrown [s\open\src\hotspot\share\interpreter\linkResolver.cpp, line 759]
Event: 3.121 Thread 0x000002379a7109b0 Exception <a 'java/lang/NoSuchMethodError'{0x0000000084d05a68}: 'java.lang.Object java.lang.invoke.DirectMethodHandle$Holder.invokeSpecial(java.lang.Object, java.lang.Object, java.lang.Object, java.lang.Object, java.lang.Object, java.lang.Object, java.lang.Object, java.lang.Object, java.lang.Object, java.lang.Object)'> (0x0000000084d05a68) 
thrown [s\open\src\hotspot\share\interpreter\linkResolver.cpp, line 759]
Event: 3.121 Thread 0x000002379a7109b0 Exception <a 'java/lang/NoSuchMethodError'{0x0000000084d0a338}: 'java.lang.Object java.lang.invoke.Invokers$Holder.invoker(java.lang.Object, java.lang.Object, java.lang.Object, java.lang.Object, java.lang.Object, java.lang.Object, java.lang.Object, java.lang.Object, java.lang.Object, java.lang.Object)'> (0x0000000084d0a338) 
thrown [s\open\src\hotspot\share\interpreter\linkResolver.cpp, line 759]
Event: 3.122 Thread 0x000002379a7109b0 Exception <a 'java/lang/NoSuchMethodError'{0x0000000084d0fec0}: 'java.lang.Object java.lang.invoke.DirectMethodHandle$Holder.invokeSpecial(java.lang.Object, java.lang.Object, java.lang.Object, java.lang.Object, java.lang.Object, java.lang.Object, java.lang.Object, java.lang.Object, java.lang.Object, java.lang.Object, java.lang.Object)'> (0x0000000084d0fec0) 
thrown [s\open\src\hotspot\share\interpreter\linkResolver.cpp, line 759]
Event: 3.303 Thread 0x000002379a7109b0 Exception <a 'java/lang/NoSuchMethodError'{0x000000008b814f50}: 'java.lang.Object java.lang.invoke.DirectMethodHandle$Holder.newInvokeSpecial(java.lang.Object, java.lang.Object, int)'> (0x000000008b814f50) 
thrown [s\open\src\hotspot\share\interpreter\linkResolver.cpp, line 759]
Event: 3.470 Thread 0x000002379a7109b0 Exception <a 'java/lang/NoSuchMethodError'{0x000000008b2a2688}: 'int java.lang.invoke.DirectMethodHandle$Holder.invokeSpecialIFC(java.lang.Object, java.lang.Object, java.lang.Object, java.lang.Object)'> (0x000000008b2a2688) 
thrown [s\open\src\hotspot\share\interpreter\linkResolver.cpp, line 759]
Event: 3.474 Thread 0x000002379a7109b0 Exception <a 'java/lang/NoSuchMethodError'{0x000000008b2b1820}: 'java.lang.Object java.lang.invoke.DirectMethodHandle$Holder.invokeInterface(java.lang.Object, java.lang.Object, java.lang.Object)'> (0x000000008b2b1820) 
thrown [s\open\src\hotspot\share\interpreter\linkResolver.cpp, line 759]
Event: 3.474 Thread 0x000002379a7109b0 Exception <a 'java/lang/IncompatibleClassChangeError'{0x000000008b2b56e0}: Found class java.lang.Object, but interface was expected> (0x000000008b2b56e0) 
thrown [s\open\src\hotspot\share\interpreter\linkResolver.cpp, line 826]
Event: 3.510 Thread 0x000002379a7109b0 Exception <a 'java/lang/NoSuchMethodError'{0x000000008b0acbe8}: 'int java.lang.invoke.DirectMethodHandle$Holder.invokeStatic(java.lang.Object, java.lang.Object, java.lang.Object, java.lang.Object)'> (0x000000008b0acbe8) 
thrown [s\open\src\hotspot\share\interpreter\linkResolver.cpp, line 759]
Event: 3.510 Thread 0x000002379a7109b0 Exception <a 'java/lang/NoSuchMethodError'{0x000000008b0b0ab8}: 'java.lang.Object java.lang.invoke.Invokers$Holder.invokeExact_MT(java.lang.Object, java.lang.Object, java.lang.Object, java.lang.Object, java.lang.Object, java.lang.Object)'> (0x000000008b0b0ab8) 
thrown [s\open\src\hotspot\share\interpreter\linkResolver.cpp, line 759]

VM Operations (20 events):
Event: 2.224 Executing VM operation: HandshakeAllThreads
Event: 2.224 Executing VM operation: HandshakeAllThreads done
Event: 2.282 Executing VM operation: HandshakeAllThreads
Event: 2.282 Executing VM operation: HandshakeAllThreads done
Event: 2.325 Executing VM operation: HandshakeAllThreads
Event: 2.325 Executing VM operation: HandshakeAllThreads done
Event: 2.389 Executing VM operation: HandshakeAllThreads
Event: 2.389 Executing VM operation: HandshakeAllThreads done
Event: 2.459 Executing VM operation: HandshakeAllThreads
Event: 2.459 Executing VM operation: HandshakeAllThreads done
Event: 2.688 Executing VM operation: HandshakeAllThreads
Event: 2.688 Executing VM operation: HandshakeAllThreads done
Event: 3.120 Executing VM operation: ICBufferFull
Event: 3.120 Executing VM operation: ICBufferFull done
Event: 3.146 Executing VM operation: G1CollectForAllocation
Event: 3.158 Executing VM operation: G1CollectForAllocation done
Event: 3.549 Executing VM operation: HandshakeAllThreads
Event: 3.549 Executing VM operation: HandshakeAllThreads done
Event: 3.549 Executing VM operation: HandshakeAllThreads
Event: 3.549 Executing VM operation: HandshakeAllThreads done

Events (20 events):
Event: 3.367 loading class sun/security/provider/MD5
Event: 3.367 loading class sun/security/provider/MD5 done
Event: 3.368 loading class sun/security/provider/SHA5$SHA512
Event: 3.369 loading class sun/security/provider/SHA5
Event: 3.369 loading class sun/security/provider/SHA5 done
Event: 3.369 loading class sun/security/provider/SHA5$SHA512 done
Event: 3.371 loading class sun/security/provider/ByteArrayAccess$LE
Event: 3.371 loading class sun/security/provider/ByteArrayAccess$LE done
Event: 3.409 loading class java/io/File$TempDirectory
Event: 3.409 loading class java/io/File$TempDirectory done
Event: 3.414 loading class java/io/PrintWriter
Event: 3.414 loading class java/io/PrintWriter done
Event: 3.461 loading class java/util/concurrent/Semaphore
Event: 3.462 loading class java/util/concurrent/Semaphore done
Event: 3.466 loading class java/nio/file/FileVisitOption
Event: 3.466 loading class java/nio/file/FileVisitOption done
Event: 3.475 loading class java/util/stream/ReduceOps$1
Event: 3.476 loading class java/util/stream/ReduceOps$1 done
Event: 3.476 loading class java/util/stream/ReduceOps$1ReducingSink
Event: 3.476 loading class java/util/stream/ReduceOps$1ReducingSink done


Dynamic libraries:
0x00007ff614850000 - 0x00007ff614860000 	C:\Program Files\Java\jdk-17\bin\java.exe
0x00007ffdb00b0000 - 0x00007ffdb02c7000 	C:\Windows\SYSTEM32\ntdll.dll
0x00007ffdaec90000 - 0x00007ffdaed54000 	C:\Windows\System32\KERNEL32.DLL
0x00007ffdad4e0000 - 0x00007ffdad897000 	C:\Windows\System32\KERNELBASE.dll
0x00007ffdadb60000 - 0x00007ffdadc71000 	C:\Windows\System32\ucrtbase.dll
0x00007ffd9a610000 - 0x00007ffd9a629000 	C:\Program Files\Java\jdk-17\bin\jli.dll
0x00007ffd9a630000 - 0x00007ffd9a64b000 	C:\Program Files\Java\jdk-17\bin\VCRUNTIME140.dll
0x00007ffdafe00000 - 0x00007ffdafeb2000 	C:\Windows\System32\ADVAPI32.dll
0x00007ffdae4a0000 - 0x00007ffdae547000 	C:\Windows\System32\msvcrt.dll
0x00007ffdae940000 - 0x00007ffdae9e8000 	C:\Windows\System32\sechost.dll
0x00007ffdad8a0000 - 0x00007ffdad8c8000 	C:\Windows\System32\bcrypt.dll
0x00007ffdafec0000 - 0x00007ffdaffd4000 	C:\Windows\System32\RPCRT4.dll
0x00007ffdaf9d0000 - 0x00007ffdafb7f000 	C:\Windows\System32\USER32.dll
0x00007ffdad4b0000 - 0x00007ffdad4d6000 	C:\Windows\System32\win32u.dll
0x00007ffda0d20000 - 0x00007ffda0fb3000 	C:\Windows\WinSxS\amd64_microsoft.windows.common-controls_6595b64144ccf1df_6.0.22621.3672_none_2713b9d173822955\COMCTL32.dll
0x00007ffdaffe0000 - 0x00007ffdb0009000 	C:\Windows\System32\GDI32.dll
0x00007ffdada40000 - 0x00007ffdadb58000 	C:\Windows\System32\gdi32full.dll
0x00007ffdadd40000 - 0x00007ffdaddda000 	C:\Windows\System32\msvcp_win.dll
0x00007ffda9460000 - 0x00007ffda946a000 	C:\Windows\SYSTEM32\VERSION.dll
0x00007ffdae550000 - 0x00007ffdae581000 	C:\Windows\System32\IMM32.DLL
0x00007ffda5360000 - 0x00007ffda536c000 	C:\Program Files\Java\jdk-17\bin\vcruntime140_1.dll
0x00007ffd87560000 - 0x00007ffd875ee000 	C:\Program Files\Java\jdk-17\bin\msvcp140.dll
0x00007ffd20f00000 - 0x00007ffd21ae0000 	C:\Program Files\Java\jdk-17\bin\server\jvm.dll
0x00007ffdadec0000 - 0x00007ffdadec8000 	C:\Windows\System32\PSAPI.DLL
0x00007ffd9a720000 - 0x00007ffd9a729000 	C:\Windows\SYSTEM32\WSOCK32.dll
0x00007ffda2390000 - 0x00007ffda23c4000 	C:\Windows\SYSTEM32\WINMM.dll
0x00007ffdae9f0000 - 0x00007ffdaea61000 	C:\Windows\System32\WS2_32.dll
0x00007ffdac410000 - 0x00007ffdac428000 	C:\Windows\SYSTEM32\kernel.appcore.dll
0x00007ffd9a5b0000 - 0x00007ffd9a5ba000 	C:\Program Files\Java\jdk-17\bin\jimage.dll
0x00007ffda1500000 - 0x00007ffda1732000 	C:\Windows\SYSTEM32\DBGHELP.DLL
0x00007ffdaedd0000 - 0x00007ffdaf15e000 	C:\Windows\System32\combase.dll
0x00007ffdadde0000 - 0x00007ffdadeb7000 	C:\Windows\System32\OLEAUT32.dll
0x00007ffd91a40000 - 0x00007ffd91a72000 	C:\Windows\SYSTEM32\dbgcore.DLL
0x00007ffdad430000 - 0x00007ffdad4ab000 	C:\Windows\System32\bcryptPrimitives.dll
0x00007ffd92890000 - 0x00007ffd9289e000 	C:\Program Files\Java\jdk-17\bin\instrument.dll
0x00007ffd938b0000 - 0x00007ffd938d5000 	C:\Program Files\Java\jdk-17\bin\java.dll
0x00007ffd718f0000 - 0x00007ffd719c7000 	C:\Program Files\Java\jdk-17\bin\jsvml.dll
0x00007ffdaf160000 - 0x00007ffdaf9c9000 	C:\Windows\System32\SHELL32.dll
0x00007ffdab320000 - 0x00007ffdabc1f000 	C:\Windows\SYSTEM32\windows.storage.dll
0x00007ffdab1e0000 - 0x00007ffdab31f000 	C:\Windows\SYSTEM32\wintypes.dll
0x00007ffdae350000 - 0x00007ffdae449000 	C:\Windows\System32\SHCORE.dll
0x00007ffdb0010000 - 0x00007ffdb006e000 	C:\Windows\System32\shlwapi.dll
0x00007ffdad2f0000 - 0x00007ffdad317000 	C:\Windows\SYSTEM32\profapi.dll
0x00007ffd93870000 - 0x00007ffd93888000 	C:\Program Files\Java\jdk-17\bin\zip.dll
0x00007ffd9a510000 - 0x00007ffd9a529000 	C:\Program Files\Java\jdk-17\bin\net.dll
0x00007ffda7de0000 - 0x00007ffda7f16000 	C:\Windows\SYSTEM32\WINHTTP.dll
0x00007ffdac880000 - 0x00007ffdac8e9000 	C:\Windows\system32\mswsock.dll
0x00007ffd93890000 - 0x00007ffd938a6000 	C:\Program Files\Java\jdk-17\bin\nio.dll
0x00007ffd929c0000 - 0x00007ffd929d0000 	C:\Program Files\Java\jdk-17\bin\verify.dll
0x00007ffda2480000 - 0x00007ffda24a7000 	C:\Users\Kajal's PC\.gradle\native\c067742578af261105cb4f569cf0c3c89f3d7b1fecec35dd04571415982c5e48\windows-amd64\native-platform.dll
0x00007ffd77f80000 - 0x00007ffd780c4000 	C:\Users\Kajal's PC\.gradle\native\100fb08df4bc3b14c8652ba06237920a3bd2aa13389f12d3474272988ae205f9\windows-amd64\native-platform-file-events.dll
0x00007ffd929b0000 - 0x00007ffd929ba000 	C:\Program Files\Java\jdk-17\bin\management.dll
0x00007ffd928b0000 - 0x00007ffd928bb000 	C:\Program Files\Java\jdk-17\bin\management_ext.dll
0x00007ffdacad0000 - 0x00007ffdacaeb000 	C:\Windows\SYSTEM32\CRYPTSP.dll
0x00007ffdac370000 - 0x00007ffdac3a5000 	C:\Windows\system32\rsaenh.dll
0x00007ffdac970000 - 0x00007ffdac998000 	C:\Windows\SYSTEM32\USERENV.dll
0x00007ffdacaf0000 - 0x00007ffdacafc000 	C:\Windows\SYSTEM32\CRYPTBASE.dll
0x00007ffdabe80000 - 0x00007ffdabead000 	C:\Windows\SYSTEM32\IPHLPAPI.DLL
0x00007ffdaea70000 - 0x00007ffdaea79000 	C:\Windows\System32\NSI.dll
0x00007ffda7b90000 - 0x00007ffda7ba9000 	C:\Windows\SYSTEM32\dhcpcsvc6.DLL
0x00007ffda7940000 - 0x00007ffda795f000 	C:\Windows\SYSTEM32\dhcpcsvc.DLL
0x00007ffdabef0000 - 0x00007ffdabff2000 	C:\Windows\SYSTEM32\DNSAPI.dll
0x00007ffd91b40000 - 0x00007ffd91b4e000 	C:\Program Files\Java\jdk-17\bin\sunmscapi.dll
0x00007ffdad8d0000 - 0x00007ffdada36000 	C:\Windows\System32\CRYPT32.dll
0x00007ffdacc90000 - 0x00007ffdaccbd000 	C:\Windows\SYSTEM32\ncrypt.dll
0x00007ffdacc50000 - 0x00007ffdacc87000 	C:\Windows\SYSTEM32\NTASN1.dll
0x00007ffd29d30000 - 0x00007ffd29d38000 	C:\Windows\system32\wshunix.dll

dbghelp: loaded successfully - version: 4.0.5 - missing functions: none
symbol engine: initialized successfully - sym options: 0x614 - pdb path: .;C:\Program Files\Java\jdk-17\bin;C:\Windows\SYSTEM32;C:\Windows\WinSxS\amd64_microsoft.windows.common-controls_6595b64144ccf1df_6.0.22621.3672_none_2713b9d173822955;C:\Program Files\Java\jdk-17\bin\server;C:\Users\Kajal's PC\.gradle\native\c067742578af261105cb4f569cf0c3c89f3d7b1fecec35dd04571415982c5e48\windows-amd64;C:\Users\Kajal's PC\.gradle\native\100fb08df4bc3b14c8652ba06237920a3bd2aa13389f12d3474272988ae205f9\windows-amd64

VM Arguments:
jvm_args: --add-opens=java.base/java.lang=ALL-UNNAMED --add-opens=java.base/java.lang.invoke=ALL-UNNAMED --add-opens=java.base/java.util=ALL-UNNAMED --add-opens=java.prefs/java.util.prefs=ALL-UNNAMED --add-exports=jdk.compiler/com.sun.tools.javac.api=ALL-UNNAMED --add-exports=jdk.compiler/com.sun.tools.javac.util=ALL-UNNAMED --add-opens=java.base/java.util=ALL-UNNAMED --add-opens=java.prefs/java.util.prefs=ALL-UNNAMED --add-opens=java.base/java.nio.charset=ALL-UNNAMED --add-opens=java.base/java.net=ALL-UNNAMED --add-opens=java.base/java.util.concurrent.atomic=ALL-UNNAMED --add-opens=java.xml/javax.xml.namespace=ALL-UNNAMED -Xmx2048m -Dfile.encoding=UTF-8 -Duser.country=IN -Duser.language=en -Duser.variant -javaagent:C:\Users\Kajal's PC\.gradle\wrapper\dists\gradle-8.11.1-bin\bpt9gzteqjrbo1mjrsomdt32c\gradle-8.11.1\lib\agents\gradle-instrumentation-agent-8.11.1.jar 
java_command: org.gradle.launcher.daemon.bootstrap.GradleDaemon 8.11.1
java_class_path (initial): C:\Users\Kajal's PC\.gradle\wrapper\dists\gradle-8.11.1-bin\bpt9gzteqjrbo1mjrsomdt32c\gradle-8.11.1\lib\gradle-daemon-main-8.11.1.jar
Launcher Type: SUN_STANDARD

[Global flags]
     intx CICompilerCount                          = 3                                         {product} {ergonomic}
     uint ConcGCThreads                            = 1                                         {product} {ergonomic}
     uint G1ConcRefinementThreads                  = 4                                         {product} {ergonomic}
   size_t G1HeapRegionSize                         = 1048576                                   {product} {ergonomic}
    uintx GCDrainStackTargetSize                   = 64                                        {product} {ergonomic}
   size_t InitialHeapSize                          = 201326592                                 {product} {ergonomic}
   size_t MarkStackSize                            = 4194304                                   {product} {ergonomic}
   size_t MaxHeapSize                              = 2147483648                                {product} {command line}
   size_t MaxNewSize                               = 1287651328                                {product} {ergonomic}
   size_t MinHeapDeltaBytes                        = 1048576                                   {product} {ergonomic}
   size_t MinHeapSize                              = 8388608                                   {product} {ergonomic}
    uintx NonNMethodCodeHeapSize                   = 5832780                                {pd product} {ergonomic}
    uintx NonProfiledCodeHeapSize                  = 122912730                              {pd product} {ergonomic}
    uintx ProfiledCodeHeapSize                     = 122912730                              {pd product} {ergonomic}
    uintx ReservedCodeCacheSize                    = 251658240                              {pd product} {ergonomic}
     bool SegmentedCodeCache                       = true                                      {product} {ergonomic}
   size_t SoftMaxHeapSize                          = 2147483648                             {manageable} {ergonomic}
     bool UseCompressedClassPointers               = true                           {product lp64_product} {ergonomic}
     bool UseCompressedOops                        = true                           {product lp64_product} {ergonomic}
     bool UseG1GC                                  = true                                      {product} {ergonomic}
     bool UseLargePagesIndividualAllocation        = false                                  {pd product} {ergonomic}

Logging:
Log output configuration:
 #0: stdout all=warning uptime,level,tags
 #1: stderr all=off uptime,level,tags

Environment Variables:
CLASSPATH=C:\Users\Kajal's PC\AndroidStudioProjects\BaatCheet\\gradle\wrapper\gradle-wrapper.jar
PATH=C:\Program Files\Common Files\Oracle\Java\javapath;C:\Windows\system32;C:\Windows;C:\Windows\System32\Wbem;C:\Windows\System32\WindowsPowerShell\v1.0\;C:\Windows\System32\OpenSSH\;C:\Users\Kajal's PC\.vscode\extensions\redhat.java-1.41.0-win32-x64\jre\21.0.6-win32-x86_64\bin;C:\Program Files\Git\cmd;C:\flutter\bin;C:\Users\Kajal's PC\AppData\Local\Android\Sdk;C:\Program Files\dotnet\;C:\Program Files (x86)\Windows Kits\10\Windows Performance Toolkit\;C:\Users\Kajal's PC\AppData\Local\Pub\Cache\bin;C:\Program Files\nodejs;C:\Users\Kajal's PC\AppData\Local\Microsoft\WindowsApps;C:\Users\Kajal's PC\.dotnet\tools;C:\Users\Kajal's PC\AppData\Local\Pub\Cache\bin;C:\Users\Kajal's PC\AppData\Roaming\npm
USERNAME=Kajal's PC
OS=Windows_NT
PROCESSOR_IDENTIFIER=Intel64 Family 6 Model 158 Stepping 10, GenuineIntel



---------------  S Y S T E M  ---------------

OS:
 Windows 11 , 64 bit Build 22621 (10.0.22621.3958)
OS uptime: 0 days 12:06 hours
Hyper-V role detected

CPU: total 4 (initial active 4) (2 cores per cpu, 2 threads per core) family 6 model 158 stepping 10 microcode 0xde, cx8, cmov, fxsr, ht, mmx, 3dnowpref, sse, sse2, sse3, ssse3, sse4.1, sse4.2, popcnt, lzcnt, tsc, tscinvbit, aes, erms, clmul, clflush, clflushopt, hv

Memory: 4k page, system-wide physical 12161M (1318M free)
TotalPageFile size 12161M (AvailPageFile size 5M)
current process WorkingSet (physical memory assigned to process): 242M, peak: 242M
current process commit charge ("private bytes"): 345M, peak: 346M

vm_info: Java HotSpot(TM) 64-Bit Server VM (17.0.12+8-LTS-286) for windows-amd64 JRE (17.0.12+8-LTS-286), built on Jun  5 2024 06:46:59 by "mach5one" with MS VC++ 17.6 (VS2022)

END.
